Using pre-set license
Built from '2021.3/china_unity/release' branch; Version is '2021.3.20f1c1 (7cf0fbd73406) revision 8188155'; Using compiler version '192829333'; Build Type 'Release'
OS: 'Windows 10  (10.0.19045) 64bit Professional' Language: 'zh' Physical Memory: 32649 MB
BatchMode: 1, IsHumanControllingUs: 0, StartBugReporterOnCrash: 0, Is64bit: 1, IsPro: 1

COMMAND LINE ARGUMENTS:
C:\Program Files\Unity\Hub\Editor\2021.3.20f1c1\Editor\Unity.exe
-adb2
-batchMode
-noUpm
-name
AssetImportWorker1
-projectPath
G:/RevolutionModel-UnityVR/VR_Nanchang
-logFile
Logs/AssetImportWorker1.log
-srvPort
26577
Successfully changed project path to: G:/RevolutionModel-UnityVR/VR_Nanchang
G:/RevolutionModel-UnityVR/VR_Nanchang
[UnityMemory] Configuration Parameters - Can be set up in boot.config
    "memorysetup-bucket-allocator-granularity=16"
    "memorysetup-bucket-allocator-bucket-count=8"
    "memorysetup-bucket-allocator-block-size=33554432"
    "memorysetup-bucket-allocator-block-count=8"
    "memorysetup-main-allocator-block-size=16777216"
    "memorysetup-thread-allocator-block-size=16777216"
    "memorysetup-gfx-main-allocator-block-size=16777216"
    "memorysetup-gfx-thread-allocator-block-size=16777216"
    "memorysetup-cache-allocator-block-size=4194304"
    "memorysetup-typetree-allocator-block-size=2097152"
    "memorysetup-profiler-bucket-allocator-granularity=16"
    "memorysetup-profiler-bucket-allocator-bucket-count=8"
    "memorysetup-profiler-bucket-allocator-block-size=33554432"
    "memorysetup-profiler-bucket-allocator-block-count=8"
    "memorysetup-profiler-allocator-block-size=16777216"
    "memorysetup-profiler-editor-allocator-block-size=1048576"
    "memorysetup-temp-allocator-size-main=16777216"
    "memorysetup-job-temp-allocator-block-size=2097152"
    "memorysetup-job-temp-allocator-block-size-background=1048576"
    "memorysetup-job-temp-allocator-reduction-small-platforms=262144"
    "memorysetup-temp-allocator-size-background-worker=32768"
    "memorysetup-temp-allocator-size-job-worker=262144"
    "memorysetup-temp-allocator-size-preload-manager=33554432"
    "memorysetup-temp-allocator-size-nav-mesh-worker=65536"
    "memorysetup-temp-allocator-size-audio-worker=65536"
    "memorysetup-temp-allocator-size-cloud-worker=32768"
    "memorysetup-temp-allocator-size-gi-baking-worker=262144"
    "memorysetup-temp-allocator-size-gfx=262144"
Player connection [8652] Host "[IP] 192.168.50.231 [Port] 0 [Flags] 2 [Guid] 3103481364 [EditorId] 3103481364 [Version] 1048832 [Id] WindowsEditor(7,NoteBook-MSI) [Debug] 1 [PackageName] WindowsEditor [ProjectName] Editor" joined multi-casting on [225.0.0.222:54997]...

Player connection [8652] Host "[IP] 192.168.50.231 [Port] 0 [Flags] 2 [Guid] 3103481364 [EditorId] 3103481364 [Version] 1048832 [Id] WindowsEditor(7,NoteBook-MSI) [Debug] 1 [PackageName] WindowsEditor [ProjectName] Editor" joined alternative multi-casting on [225.0.0.222:34997]...

AS: AutoStreaming module initializing.
Refreshing native plugins compatible for Editor in 255.28 ms, found 12 plugins.
Preloading 0 native plugins for Editor in 0.00 ms.
Initialize engine version: 2021.3.20f1c1 (7cf0fbd73406)
[Subsystems] Discovering subsystems at path C:/Program Files/Unity/Hub/Editor/2021.3.20f1c1/Editor/Data/Resources/UnitySubsystems
[Subsystems] Discovering subsystems at path G:/RevolutionModel-UnityVR/VR_Nanchang/Assets
GfxDevice: creating device client; threaded=0; jobified=0
Direct3D:
    Version:  Direct3D 11.0 [level 11.1]
    Renderer: NVIDIA GeForce GTX 1060 (ID=0x1c20)
    Vendor:   NVIDIA
    VRAM:     6044 MB
    Driver:   31.0.15.4601
Initialize mono
Mono path[0] = 'C:/Program Files/Unity/Hub/Editor/2021.3.20f1c1/Editor/Data/Managed'
Mono path[1] = 'C:/Program Files/Unity/Hub/Editor/2021.3.20f1c1/Editor/Data/MonoBleedingEdge/lib/mono/unityjit-win32'
Mono config path = 'C:/Program Files/Unity/Hub/Editor/2021.3.20f1c1/Editor/Data/MonoBleedingEdge/etc'
Using monoOptions --debugger-agent=transport=dt_socket,embedding=1,server=y,suspend=n,address=127.0.0.1:56832
Begin MonoManager ReloadAssembly
Registering precompiled unity dll's ...
Register platform support module: C:/Program Files/Unity/Hub/Editor/2021.3.20f1c1/Editor/Data/PlaybackEngines/AndroidPlayer/UnityEditor.Android.Extensions.dll
Register platform support module: C:/Program Files/Unity/Hub/Editor/2021.3.20f1c1/Editor/Data/PlaybackEngines/WindowsStandaloneSupport/UnityEditor.WindowsStandalone.Extensions.dll
Registered in 0.012220 seconds.
Native extension for WindowsStandalone target not found
Native extension for Android target not found
Android Extension - Scanning For ADB Devices 384 ms
Refreshing native plugins compatible for Editor in 236.07 ms, found 12 plugins.
Preloading 0 native plugins for Editor in 0.00 ms.
Mono: successfully reloaded assembly
- Completed reload, in  1.457 seconds
Domain Reload Profiling:
	ReloadAssembly (1458ms)
		BeginReloadAssembly (125ms)
			ExecutionOrderSort (0ms)
			DisableScriptedObjects (0ms)
			BackupInstance (0ms)
			ReleaseScriptingObjects (0ms)
			CreateAndSetChildDomain (1ms)
		EndReloadAssembly (1175ms)
			LoadAssemblies (120ms)
			RebuildTransferFunctionScriptingTraits (0ms)
			SetupTypeCache (155ms)
			ReleaseScriptCaches (0ms)
			RebuildScriptCaches (38ms)
			SetupLoadedEditorAssemblies (899ms)
				LogAssemblyErrors (0ms)
				InitializePlatformSupportModulesInManaged (474ms)
				SetLoadedEditorAssemblies (0ms)
				RefreshPlugins (236ms)
				BeforeProcessingInitializeOnLoad (2ms)
				ProcessInitializeOnLoadAttributes (125ms)
				ProcessInitializeOnLoadMethodAttributes (63ms)
				AfterProcessingInitializeOnLoad (0ms)
				EditorAssembliesLoaded (0ms)
			ExecutionOrderSort2 (0ms)
			AwakeInstancesAfterBackupRestoration (0ms)
Platform modules already initialized, skipping
Registering precompiled user dll's ...
Registered in 0.037805 seconds.
Begin MonoManager ReloadAssembly
Symbol file LoadedFromMemory doesn't match image G:\RevolutionModel-UnityVR\VR_Nanchang\Library\PackageCache\com.unity.visualscripting@1.8.0\Editor\VisualScripting.Core\Dependencies\DotNetZip\Unity.VisualScripting.IonicZip.dll
Symbol file LoadedFromMemory doesn't match image G:\RevolutionModel-UnityVR\VR_Nanchang\Library\PackageCache\com.unity.visualscripting@1.8.0\Editor\VisualScripting.Core\Dependencies\YamlDotNet\Unity.VisualScripting.YamlDotNet.dll
Native extension for WindowsStandalone target not found
Native extension for Android target not found
Refreshing native plugins compatible for Editor in 226.89 ms, found 12 plugins.
Preloading 0 native plugins for Editor in 0.00 ms.
Package Manager log level set to [2]
Mono: successfully reloaded assembly
- Completed reload, in  2.938 seconds
Domain Reload Profiling:
	ReloadAssembly (2939ms)
		BeginReloadAssembly (153ms)
			ExecutionOrderSort (0ms)
			DisableScriptedObjects (6ms)
			BackupInstance (0ms)
			ReleaseScriptingObjects (0ms)
			CreateAndSetChildDomain (25ms)
		EndReloadAssembly (2610ms)
			LoadAssemblies (158ms)
			RebuildTransferFunctionScriptingTraits (0ms)
			SetupTypeCache (573ms)
			ReleaseScriptCaches (1ms)
			RebuildScriptCaches (169ms)
			SetupLoadedEditorAssemblies (1623ms)
				LogAssemblyErrors (0ms)
				InitializePlatformSupportModulesInManaged (25ms)
				SetLoadedEditorAssemblies (0ms)
				RefreshPlugins (227ms)
				BeforeProcessingInitializeOnLoad (214ms)
				ProcessInitializeOnLoadAttributes (876ms)
				ProcessInitializeOnLoadMethodAttributes (263ms)
				AfterProcessingInitializeOnLoad (17ms)
				EditorAssembliesLoaded (0ms)
			ExecutionOrderSort2 (0ms)
			AwakeInstancesAfterBackupRestoration (8ms)
Platform modules already initialized, skipping
========================================================================
Worker process is ready to serve import requests
Launched and connected shader compiler UnityShaderCompiler.exe after 0.07 seconds
Refreshing native plugins compatible for Editor in 2.89 ms, found 12 plugins.
Preloading 0 native plugins for Editor in 0.00 ms.
Unloading 7382 Unused Serialized files (Serialized files now loaded: 0)
Unloading 101 unused Assets / (3.9 MB). Loaded Objects now: 7842.
Memory consumption went from 343.5 MB to 339.6 MB.
Total: 6.727200 ms (FindLiveObjects: 0.675300 ms CreateObjectMapping: 0.747800 ms MarkObjects: 4.414000 ms  DeleteObjects: 0.888600 ms)

AssetImportParameters requested are different than current active one (requested -> active):
  custom:video-decoder-ogg-theora: a1e56fd34408186e4bbccfd4996cb3dc -> 
  custom:container-muxer-webm: aa71ff27fc2769a1b78a27578f13a17b -> 
  custom:container-demuxer-webm: 4f35f7cbe854078d1ac9338744f61a02 -> 
  custom:video-encoder-webm-vp8: eb34c28f22e8b96e1ab97ce403110664 -> 
  custom:audio-encoder-webm-vorbis: bf7c407c2cedff20999df2af8eb42d56 -> 
  custom:framework-win-MediaFoundation: 216162199b28c13a410421893ffa2e32 -> 
  custom:container-demuxer-ogg: 62fdf1f143b41e24485cea50d1cbac27 -> 
  custom:video-decoder-webm-vp8: 9c59270c3fd7afecdb556c50c9e8de78 -> 
  custom:audio-decoder-ogg-vorbis: bf7c407c2cedff20999df2af8eb42d56 -> 
========================================================================
Received Import Request.
  Time since last request: 93136.383077 seconds.
  path: Assets/Amazing Assets/Advanced Dissolve/Example Scenes/Tutorial Scenes/Files/Materials/Metal_Blue_Simple_Mat.mat
  artifactKey: Guid(1a150635359a18c4293a5067560bdb4a) Importer(815301076,1909f56bfc062723c751e8b465ee728b)
Start importing Assets/Amazing Assets/Advanced Dissolve/Example Scenes/Tutorial Scenes/Files/Materials/Metal_Blue_Simple_Mat.mat using Guid(1a150635359a18c4293a5067560bdb4a) Importer(815301076,1909f56bfc062723c751e8b465ee728b)  -> (artifact id: '3f4dd269c8704aa973a1ff274931e053') in 1.788715 seconds 
========================================================================
Received Import Request.
  Time since last request: 0.000044 seconds.
  path: Assets/Amazing Assets/Advanced Dissolve/Example Scenes/Tutorial Scenes/Files/A_piece_of_nature/Materials/Chest.mat
  artifactKey: Guid(0ea66e2f57ae13f46aa457c97d0f75a2) Importer(815301076,1909f56bfc062723c751e8b465ee728b)
Start importing Assets/Amazing Assets/Advanced Dissolve/Example Scenes/Tutorial Scenes/Files/A_piece_of_nature/Materials/Chest.mat using Guid(0ea66e2f57ae13f46aa457c97d0f75a2) Importer(815301076,1909f56bfc062723c751e8b465ee728b)  -> (artifact id: 'd776d5f1806cf59d8b6010bc19fb53e7') in 0.369032 seconds 
========================================================================
Received Import Request.
  Time since last request: 0.000059 seconds.
  path: Assets/Amazing Assets/Advanced Dissolve/Example Scenes/Tutorial Scenes/Files/Additional Materials/B3.mat
  artifactKey: Guid(b0da48464fdeecc40a7f29911da115f6) Importer(815301076,1909f56bfc062723c751e8b465ee728b)
Start importing Assets/Amazing Assets/Advanced Dissolve/Example Scenes/Tutorial Scenes/Files/Additional Materials/B3.mat using Guid(b0da48464fdeecc40a7f29911da115f6) Importer(815301076,1909f56bfc062723c751e8b465ee728b)  -> (artifact id: '2dbcea99a177b5308404c1038894c263') in 0.165187 seconds 
========================================================================
Received Import Request.
  Time since last request: 0.000051 seconds.
  path: Assets/Amazing Assets/Advanced Dissolve/Example Scenes/Tutorial Scenes/Files/Materials/PaintBrush_Mat.mat
  artifactKey: Guid(a68502fc46565224982eb434ba401358) Importer(815301076,1909f56bfc062723c751e8b465ee728b)
Start importing Assets/Amazing Assets/Advanced Dissolve/Example Scenes/Tutorial Scenes/Files/Materials/PaintBrush_Mat.mat using Guid(a68502fc46565224982eb434ba401358) Importer(815301076,1909f56bfc062723c751e8b465ee728b)  -> (artifact id: '3669edad5dad85ace1553f71f1421ccd') in 0.135804 seconds 
========================================================================
Received Import Request.
  Time since last request: 0.000038 seconds.
  path: Assets/Amazing Assets/Advanced Dissolve/Example Scenes/Tutorial Scenes/Files/Lowpoly_Wasteland_Props/Materials/Bricks.mat
  artifactKey: Guid(3ba82ca768b47e542b7777a7f9ab7393) Importer(815301076,1909f56bfc062723c751e8b465ee728b)
Start importing Assets/Amazing Assets/Advanced Dissolve/Example Scenes/Tutorial Scenes/Files/Lowpoly_Wasteland_Props/Materials/Bricks.mat using Guid(3ba82ca768b47e542b7777a7f9ab7393) Importer(815301076,1909f56bfc062723c751e8b465ee728b)  -> (artifact id: '1aa9ae122db75ff9a3a9ed97ca5e5e75') in 0.086093 seconds 
========================================================================
Received Import Request.
  Time since last request: 0.000046 seconds.
  path: Assets/Amazing Assets/Advanced Dissolve/Example Scenes/Tutorial Scenes/Files/Materials/Metal_Simple_Mat.mat
  artifactKey: Guid(86d1ef8bd5f792240b27e9a01007892e) Importer(815301076,1909f56bfc062723c751e8b465ee728b)
Start importing Assets/Amazing Assets/Advanced Dissolve/Example Scenes/Tutorial Scenes/Files/Materials/Metal_Simple_Mat.mat using Guid(86d1ef8bd5f792240b27e9a01007892e) Importer(815301076,1909f56bfc062723c751e8b465ee728b)  -> (artifact id: 'ac8e608759736ae49989748452ec8e77') in 0.112381 seconds 
========================================================================
Received Import Request.
  Time since last request: 0.000032 seconds.
  path: Assets/Amazing Assets/Advanced Dissolve/Example Scenes/Tutorial Scenes/Files/Additional Materials/Grid.mat
  artifactKey: Guid(235a10e2df4720740bca8974d63bd1e7) Importer(815301076,1909f56bfc062723c751e8b465ee728b)
Start importing Assets/Amazing Assets/Advanced Dissolve/Example Scenes/Tutorial Scenes/Files/Additional Materials/Grid.mat using Guid(235a10e2df4720740bca8974d63bd1e7) Importer(815301076,1909f56bfc062723c751e8b465ee728b)  -> (artifact id: '00320e5059917e751a35adfa0925f3fc') in 0.161302 seconds 
========================================================================
Received Import Request.
  Time since last request: 0.000036 seconds.
  path: Assets/Amazing Assets/Advanced Dissolve/Example Scenes/Tutorial Scenes/Files/Materials/Ground_Mat.mat
  artifactKey: Guid(d0e56165cd814844fa95d5362d326b02) Importer(815301076,1909f56bfc062723c751e8b465ee728b)
Start importing Assets/Amazing Assets/Advanced Dissolve/Example Scenes/Tutorial Scenes/Files/Materials/Ground_Mat.mat using Guid(d0e56165cd814844fa95d5362d326b02) Importer(815301076,1909f56bfc062723c751e8b465ee728b)  -> (artifact id: '5ac77c3d59921cd768c06f218056cd1a') in 0.217255 seconds 
========================================================================
Received Import Request.
  Time since last request: 0.000046 seconds.
  path: Assets/Amazing Assets/Advanced Dissolve/Example Scenes/Tutorial Scenes/Files/Materials/Jigsaw_Mat.mat
  artifactKey: Guid(707fd372e93e04d4d9a90a018d105f1e) Importer(815301076,1909f56bfc062723c751e8b465ee728b)
Start importing Assets/Amazing Assets/Advanced Dissolve/Example Scenes/Tutorial Scenes/Files/Materials/Jigsaw_Mat.mat using Guid(707fd372e93e04d4d9a90a018d105f1e) Importer(815301076,1909f56bfc062723c751e8b465ee728b)  -> (artifact id: 'f3f21e5701b1586d469e46ec7f7e7db2') in 0.268972 seconds 
========================================================================
Received Import Request.
  Time since last request: 0.000038 seconds.
  path: Assets/Material/GuideLine True.mat
  artifactKey: Guid(6d52c247f6c34aa42bf2e19eb6db86eb) Importer(815301076,1909f56bfc062723c751e8b465ee728b)
Start importing Assets/Material/GuideLine True.mat using Guid(6d52c247f6c34aa42bf2e19eb6db86eb) Importer(815301076,1909f56bfc062723c751e8b465ee728b)  -> (artifact id: '09b1096c68d0d9f739f86f65ab616fe0') in 0.030359 seconds 
========================================================================
Received Import Request.
  Time since last request: 0.000040 seconds.
  path: Assets/Amazing Assets/Advanced Dissolve/Example Scenes/Tutorial Scenes/Files/Additional Materials/Orb.mat
  artifactKey: Guid(67a297e342591394baca7565d315ee10) Importer(815301076,1909f56bfc062723c751e8b465ee728b)
Start importing Assets/Amazing Assets/Advanced Dissolve/Example Scenes/Tutorial Scenes/Files/Additional Materials/Orb.mat using Guid(67a297e342591394baca7565d315ee10) Importer(815301076,1909f56bfc062723c751e8b465ee728b)  -> (artifact id: '9caf55091946cca20306e054b35d4faa') in 0.123501 seconds 
========================================================================
Received Import Request.
  Time since last request: 0.000030 seconds.
  path: Assets/VFX GabrielAguiarProductions/Materials/Scene/Sky.mat
  artifactKey: Guid(c1bde02950e968a41b9ec695564af091) Importer(815301076,1909f56bfc062723c751e8b465ee728b)
Start importing Assets/VFX GabrielAguiarProductions/Materials/Scene/Sky.mat using Guid(c1bde02950e968a41b9ec695564af091) Importer(815301076,1909f56bfc062723c751e8b465ee728b)  -> (artifact id: '475d1a59e4dd1810459d07c4b08be3d4') in 0.053246 seconds 
========================================================================
Received Import Request.
  Time since last request: 0.000030 seconds.
  path: Assets/Amazing Assets/Advanced Dissolve/Example Scenes/Tutorial Scenes/Files/A_piece_of_nature/Materials/Ground.mat
  artifactKey: Guid(559c338908709e44db08d0612386a1a2) Importer(815301076,1909f56bfc062723c751e8b465ee728b)
Start importing Assets/Amazing Assets/Advanced Dissolve/Example Scenes/Tutorial Scenes/Files/A_piece_of_nature/Materials/Ground.mat using Guid(559c338908709e44db08d0612386a1a2) Importer(815301076,1909f56bfc062723c751e8b465ee728b)  -> (artifact id: '35e90b5cdf18e980776b1cb11aeabd0e') in 0.153233 seconds 
========================================================================
Received Import Request.
  Time since last request: 0.000034 seconds.
  path: Assets/Amazing Assets/Advanced Dissolve/Example Scenes/Tutorial Scenes/Files/Materials/Plastic_Black_Mat.mat
  artifactKey: Guid(261e4e45d5216be40ae9fd434f78ec33) Importer(815301076,1909f56bfc062723c751e8b465ee728b)
Start importing Assets/Amazing Assets/Advanced Dissolve/Example Scenes/Tutorial Scenes/Files/Materials/Plastic_Black_Mat.mat using Guid(261e4e45d5216be40ae9fd434f78ec33) Importer(815301076,1909f56bfc062723c751e8b465ee728b)  -> (artifact id: 'd90902d9bec63d5e4e078e240fa059e4') in 0.057407 seconds 
========================================================================
Received Import Request.
  Time since last request: 0.000078 seconds.
  path: Assets/Amazing Assets/Advanced Dissolve/Example Scenes/Tutorial Scenes/Files/Lowpoly_Wasteland_Props/Materials/Sand.mat
  artifactKey: Guid(2f65bf400ca2a2e41a22e11c4466ab13) Importer(815301076,1909f56bfc062723c751e8b465ee728b)
Start importing Assets/Amazing Assets/Advanced Dissolve/Example Scenes/Tutorial Scenes/Files/Lowpoly_Wasteland_Props/Materials/Sand.mat using Guid(2f65bf400ca2a2e41a22e11c4466ab13) Importer(815301076,1909f56bfc062723c751e8b465ee728b)  -> (artifact id: '072585054b8c1d3d602096d2e9119a88') in 0.151888 seconds 
========================================================================
Received Import Request.
  Time since last request: 0.000028 seconds.
  path: Assets/Amazing Assets/Advanced Dissolve/Example Scenes/Tutorial Scenes/Files/A_piece_of_nature/Materials/Pine_tree.mat
  artifactKey: Guid(9af6b77058091974f95c6eca661e9100) Importer(815301076,1909f56bfc062723c751e8b465ee728b)
Start importing Assets/Amazing Assets/Advanced Dissolve/Example Scenes/Tutorial Scenes/Files/A_piece_of_nature/Materials/Pine_tree.mat using Guid(9af6b77058091974f95c6eca661e9100) Importer(815301076,1909f56bfc062723c751e8b465ee728b)  -> (artifact id: '5714d3df1ff3730c0809366c4da6f55f') in 0.604419 seconds 
========================================================================
Received Import Request.
  Time since last request: 0.000062 seconds.
  path: Assets/Amazing Assets/Advanced Dissolve/Example Scenes/Tutorial Scenes/Files/Materials/Strap_Mat.mat
  artifactKey: Guid(67e92f5cfe58a9b41b3089af898233f2) Importer(815301076,1909f56bfc062723c751e8b465ee728b)
Start importing Assets/Amazing Assets/Advanced Dissolve/Example Scenes/Tutorial Scenes/Files/Materials/Strap_Mat.mat using Guid(67e92f5cfe58a9b41b3089af898233f2) Importer(815301076,1909f56bfc062723c751e8b465ee728b)  -> (artifact id: 'fdc7614501b0f64629585f58456a2815') in 0.276163 seconds 
========================================================================
Received Import Request.
  Time since last request: 0.000038 seconds.
  path: Assets/Amazing Assets/Advanced Dissolve/Example Scenes/Tutorial Scenes/Files/Materials/ConstructionLight_Mat.mat
  artifactKey: Guid(8e8cd10bebd1a3f4185826c2996a4613) Importer(815301076,1909f56bfc062723c751e8b465ee728b)
Start importing Assets/Amazing Assets/Advanced Dissolve/Example Scenes/Tutorial Scenes/Files/Materials/ConstructionLight_Mat.mat using Guid(8e8cd10bebd1a3f4185826c2996a4613) Importer(815301076,1909f56bfc062723c751e8b465ee728b)  -> (artifact id: '8434187f3c7ff0fa774f254db8e86666') in 0.215732 seconds 
========================================================================
Received Import Request.
  Time since last request: 0.000048 seconds.
  path: Assets/Amazing Assets/Advanced Dissolve/Example Scenes/Tutorial Scenes/Files/Materials/HardHat_Mat.mat
  artifactKey: Guid(c0dab631297ffc848a71fea681f36a95) Importer(815301076,1909f56bfc062723c751e8b465ee728b)
Start importing Assets/Amazing Assets/Advanced Dissolve/Example Scenes/Tutorial Scenes/Files/Materials/HardHat_Mat.mat using Guid(c0dab631297ffc848a71fea681f36a95) Importer(815301076,1909f56bfc062723c751e8b465ee728b)  -> (artifact id: 'da7f666bab9084d151038b7c63407423') in 0.196306 seconds 
========================================================================
Received Import Request.
  Time since last request: 0.000040 seconds.
  path: Assets/Amazing Assets/Advanced Dissolve/Example Scenes/Tutorial Scenes/Files/Additional Materials/Glow.mat
  artifactKey: Guid(9ace842e296be67419990a9750d69928) Importer(815301076,1909f56bfc062723c751e8b465ee728b)
Start importing Assets/Amazing Assets/Advanced Dissolve/Example Scenes/Tutorial Scenes/Files/Additional Materials/Glow.mat using Guid(9ace842e296be67419990a9750d69928) Importer(815301076,1909f56bfc062723c751e8b465ee728b)  -> (artifact id: '15c90c2bceae29f35ea5ece2e776253d') in 0.038114 seconds 
========================================================================
Received Import Request.
  Time since last request: 0.000030 seconds.
  path: Assets/Amazing Assets/Advanced Dissolve/Example Scenes/Tutorial Scenes/Files/Materials/DryWall_Mat.mat
  artifactKey: Guid(efe68b5c69b8b2545b0087baf690a9a4) Importer(815301076,1909f56bfc062723c751e8b465ee728b)
Start importing Assets/Amazing Assets/Advanced Dissolve/Example Scenes/Tutorial Scenes/Files/Materials/DryWall_Mat.mat using Guid(efe68b5c69b8b2545b0087baf690a9a4) Importer(815301076,1909f56bfc062723c751e8b465ee728b)  -> (artifact id: '98c2deed641139bf08519b5a22392bf4') in 0.325369 seconds 
========================================================================
Received Import Request.
  Time since last request: 0.000053 seconds.
  path: Assets/Amazing Assets/Advanced Dissolve/Example Scenes/Tutorial Scenes/Files/Materials/Plastic_Transparent.mat
  artifactKey: Guid(314714d856b527343a4e8b31680a42a6) Importer(815301076,1909f56bfc062723c751e8b465ee728b)
Start importing Assets/Amazing Assets/Advanced Dissolve/Example Scenes/Tutorial Scenes/Files/Materials/Plastic_Transparent.mat using Guid(314714d856b527343a4e8b31680a42a6) Importer(815301076,1909f56bfc062723c751e8b465ee728b)  -> (artifact id: 'fcb8a7d38c845bb8ad38123a7a1e80d3') in 0.152890 seconds 
========================================================================
Received Import Request.
  Time since last request: 0.000046 seconds.
  path: Assets/Amazing Assets/Advanced Dissolve/Example Scenes/Tutorial Scenes/Files/A_piece_of_nature/Materials/Grass.mat
  artifactKey: Guid(a8fc922dbf8355e40905b80f6580247c) Importer(815301076,1909f56bfc062723c751e8b465ee728b)
Start importing Assets/Amazing Assets/Advanced Dissolve/Example Scenes/Tutorial Scenes/Files/A_piece_of_nature/Materials/Grass.mat using Guid(a8fc922dbf8355e40905b80f6580247c) Importer(815301076,1909f56bfc062723c751e8b465ee728b)  -> (artifact id: 'd18f5a3770d98255f850c42d44bc1979') in 0.279834 seconds 
========================================================================
Received Import Request.
  Time since last request: 0.000132 seconds.
  path: Assets/Amazing Assets/Advanced Dissolve/Example Scenes/Tutorial Scenes/Files/Materials/Stud_Mat.mat
  artifactKey: Guid(fe7d3edee800054419908f3ecc2b58cb) Importer(815301076,1909f56bfc062723c751e8b465ee728b)
Start importing Assets/Amazing Assets/Advanced Dissolve/Example Scenes/Tutorial Scenes/Files/Materials/Stud_Mat.mat using Guid(fe7d3edee800054419908f3ecc2b58cb) Importer(815301076,1909f56bfc062723c751e8b465ee728b)  -> (artifact id: '07a4466e2cc35efc1d3d19e6a1854e4a') in 0.166382 seconds 
========================================================================
Received Import Request.
  Time since last request: 0.000052 seconds.
  path: Assets/Amazing Assets/Advanced Dissolve/Example Scenes/Tutorial Scenes/Files/Materials/Hammer_Mat.mat
  artifactKey: Guid(3667b0dd69e4a6e47841bfd8a0c8b56c) Importer(815301076,1909f56bfc062723c751e8b465ee728b)
Start importing Assets/Amazing Assets/Advanced Dissolve/Example Scenes/Tutorial Scenes/Files/Materials/Hammer_Mat.mat using Guid(3667b0dd69e4a6e47841bfd8a0c8b56c) Importer(815301076,1909f56bfc062723c751e8b465ee728b)  -> (artifact id: '21ecc9560ef916d684b02abc937e455b') in 0.247465 seconds 
========================================================================
Received Import Request.
  Time since last request: 0.000036 seconds.
  path: Assets/Amazing Assets/Advanced Dissolve/Example Scenes/Tutorial Scenes/Files/A_piece_of_nature/Materials/Rocks.mat
  artifactKey: Guid(9696c076bd660654097e19e33a25a4af) Importer(815301076,1909f56bfc062723c751e8b465ee728b)
Start importing Assets/Amazing Assets/Advanced Dissolve/Example Scenes/Tutorial Scenes/Files/A_piece_of_nature/Materials/Rocks.mat using Guid(9696c076bd660654097e19e33a25a4af) Importer(815301076,1909f56bfc062723c751e8b465ee728b)  -> (artifact id: '629d7fdc88626a5087f5cfc8772583b4') in 0.272411 seconds 
========================================================================
Received Prepare
Registering precompiled user dll's ...
Registered in 0.030468 seconds.
Begin MonoManager ReloadAssembly
Symbol file LoadedFromMemory doesn't match image G:\RevolutionModel-UnityVR\VR_Nanchang\Library\PackageCache\com.unity.visualscripting@1.8.0\Editor\VisualScripting.Core\Dependencies\DotNetZip\Unity.VisualScripting.IonicZip.dll
Symbol file LoadedFromMemory doesn't match image G:\RevolutionModel-UnityVR\VR_Nanchang\Library\PackageCache\com.unity.visualscripting@1.8.0\Editor\VisualScripting.Core\Dependencies\YamlDotNet\Unity.VisualScripting.YamlDotNet.dll
Native extension for WindowsStandalone target not found
Native extension for Android target not found
Refreshing native plugins compatible for Editor in 1.88 ms, found 12 plugins.
Preloading 0 native plugins for Editor in 0.00 ms.
Mono: successfully reloaded assembly
- Completed reload, in  2.355 seconds
Domain Reload Profiling:
	ReloadAssembly (2356ms)
		BeginReloadAssembly (284ms)
			ExecutionOrderSort (0ms)
			DisableScriptedObjects (41ms)
			BackupInstance (0ms)
			ReleaseScriptingObjects (0ms)
			CreateAndSetChildDomain (85ms)
		EndReloadAssembly (1937ms)
			LoadAssemblies (153ms)
			RebuildTransferFunctionScriptingTraits (0ms)
			SetupTypeCache (492ms)
			ReleaseScriptCaches (3ms)
			RebuildScriptCaches (101ms)
			SetupLoadedEditorAssemblies (988ms)
				LogAssemblyErrors (0ms)
				InitializePlatformSupportModulesInManaged (25ms)
				SetLoadedEditorAssemblies (1ms)
				RefreshPlugins (2ms)
				BeforeProcessingInitializeOnLoad (172ms)
				ProcessInitializeOnLoadAttributes (727ms)
				ProcessInitializeOnLoadMethodAttributes (41ms)
				AfterProcessingInitializeOnLoad (21ms)
				EditorAssembliesLoaded (0ms)
			ExecutionOrderSort2 (0ms)
			AwakeInstancesAfterBackupRestoration (50ms)
Platform modules already initialized, skipping
Refreshing native plugins compatible for Editor in 11.39 ms, found 12 plugins.
Preloading 0 native plugins for Editor in 0.00 ms.
Unloading 7006 Unused Serialized files (Serialized files now loaded: 0)
Unloading 79 unused Assets / (3.9 MB). Loaded Objects now: 8013.
Memory consumption went from 401.8 MB to 397.9 MB.
Total: 7.196900 ms (FindLiveObjects: 0.614200 ms CreateObjectMapping: 0.539600 ms MarkObjects: 5.186800 ms  DeleteObjects: 0.855200 ms)

AssetImportParameters requested are different than current active one (requested -> active):
  custom:video-decoder-ogg-theora: a1e56fd34408186e4bbccfd4996cb3dc -> 
  custom:container-muxer-webm: aa71ff27fc2769a1b78a27578f13a17b -> 
  custom:container-demuxer-webm: 4f35f7cbe854078d1ac9338744f61a02 -> 
  custom:video-encoder-webm-vp8: eb34c28f22e8b96e1ab97ce403110664 -> 
  custom:audio-encoder-webm-vorbis: bf7c407c2cedff20999df2af8eb42d56 -> 
  custom:framework-win-MediaFoundation: 216162199b28c13a410421893ffa2e32 -> 
  custom:container-demuxer-ogg: 62fdf1f143b41e24485cea50d1cbac27 -> 
  custom:video-decoder-webm-vp8: 9c59270c3fd7afecdb556c50c9e8de78 -> 
  custom:audio-decoder-ogg-vorbis: bf7c407c2cedff20999df2af8eb42d56 -> 
========================================================================
Received Prepare
Registering precompiled user dll's ...
Registered in 0.034882 seconds.
Begin MonoManager ReloadAssembly
Symbol file LoadedFromMemory doesn't match image G:\RevolutionModel-UnityVR\VR_Nanchang\Library\PackageCache\com.unity.visualscripting@1.8.0\Editor\VisualScripting.Core\Dependencies\DotNetZip\Unity.VisualScripting.IonicZip.dll
Symbol file LoadedFromMemory doesn't match image G:\RevolutionModel-UnityVR\VR_Nanchang\Library\PackageCache\com.unity.visualscripting@1.8.0\Editor\VisualScripting.Core\Dependencies\YamlDotNet\Unity.VisualScripting.YamlDotNet.dll
Native extension for WindowsStandalone target not found
Native extension for Android target not found
Refreshing native plugins compatible for Editor in 1.77 ms, found 12 plugins.
Preloading 0 native plugins for Editor in 0.00 ms.
Mono: successfully reloaded assembly
- Completed reload, in  4.586 seconds
Domain Reload Profiling:
	ReloadAssembly (4587ms)
		BeginReloadAssembly (260ms)
			ExecutionOrderSort (0ms)
			DisableScriptedObjects (7ms)
			BackupInstance (0ms)
			ReleaseScriptingObjects (0ms)
			CreateAndSetChildDomain (73ms)
		EndReloadAssembly (4150ms)
			LoadAssemblies (244ms)
			RebuildTransferFunctionScriptingTraits (0ms)
			SetupTypeCache (598ms)
			ReleaseScriptCaches (4ms)
			RebuildScriptCaches (116ms)
			SetupLoadedEditorAssemblies (2673ms)
				LogAssemblyErrors (0ms)
				InitializePlatformSupportModulesInManaged (83ms)
				SetLoadedEditorAssemblies (1ms)
				RefreshPlugins (2ms)
				BeforeProcessingInitializeOnLoad (629ms)
				ProcessInitializeOnLoadAttributes (1849ms)
				ProcessInitializeOnLoadMethodAttributes (77ms)
				AfterProcessingInitializeOnLoad (32ms)
				EditorAssembliesLoaded (1ms)
			ExecutionOrderSort2 (0ms)
			AwakeInstancesAfterBackupRestoration (73ms)
Platform modules already initialized, skipping
Refreshing native plugins compatible for Editor in 12.69 ms, found 12 plugins.
Preloading 0 native plugins for Editor in 0.00 ms.
Unloading 7007 Unused Serialized files (Serialized files now loaded: 0)
Unloading 79 unused Assets / (3.9 MB). Loaded Objects now: 8029.
Memory consumption went from 401.8 MB to 397.9 MB.
Total: 7.331500 ms (FindLiveObjects: 0.655000 ms CreateObjectMapping: 1.001000 ms MarkObjects: 4.633600 ms  DeleteObjects: 1.040200 ms)

AssetImportParameters requested are different than current active one (requested -> active):
  custom:video-decoder-ogg-theora: a1e56fd34408186e4bbccfd4996cb3dc -> 
  custom:container-muxer-webm: aa71ff27fc2769a1b78a27578f13a17b -> 
  custom:container-demuxer-webm: 4f35f7cbe854078d1ac9338744f61a02 -> 
  custom:video-encoder-webm-vp8: eb34c28f22e8b96e1ab97ce403110664 -> 
  custom:audio-encoder-webm-vorbis: bf7c407c2cedff20999df2af8eb42d56 -> 
  custom:framework-win-MediaFoundation: 216162199b28c13a410421893ffa2e32 -> 
  custom:container-demuxer-ogg: 62fdf1f143b41e24485cea50d1cbac27 -> 
  custom:video-decoder-webm-vp8: 9c59270c3fd7afecdb556c50c9e8de78 -> 
  custom:audio-decoder-ogg-vorbis: bf7c407c2cedff20999df2af8eb42d56 -> 
========================================================================
Received Prepare
Registering precompiled user dll's ...
Registered in 0.033883 seconds.
Begin MonoManager ReloadAssembly
Symbol file LoadedFromMemory doesn't match image G:\RevolutionModel-UnityVR\VR_Nanchang\Library\PackageCache\com.unity.visualscripting@1.8.0\Editor\VisualScripting.Core\Dependencies\DotNetZip\Unity.VisualScripting.IonicZip.dll
Symbol file LoadedFromMemory doesn't match image G:\RevolutionModel-UnityVR\VR_Nanchang\Library\PackageCache\com.unity.visualscripting@1.8.0\Editor\VisualScripting.Core\Dependencies\YamlDotNet\Unity.VisualScripting.YamlDotNet.dll
Native extension for WindowsStandalone target not found
Native extension for Android target not found
Refreshing native plugins compatible for Editor in 1.62 ms, found 12 plugins.
Preloading 0 native plugins for Editor in 0.00 ms.
Mono: successfully reloaded assembly
- Completed reload, in  2.464 seconds
Domain Reload Profiling:
	ReloadAssembly (2465ms)
		BeginReloadAssembly (240ms)
			ExecutionOrderSort (0ms)
			DisableScriptedObjects (10ms)
			BackupInstance (0ms)
			ReleaseScriptingObjects (0ms)
			CreateAndSetChildDomain (72ms)
		EndReloadAssembly (2075ms)
			LoadAssemblies (158ms)
			RebuildTransferFunctionScriptingTraits (0ms)
			SetupTypeCache (536ms)
			ReleaseScriptCaches (3ms)
			RebuildScriptCaches (128ms)
			SetupLoadedEditorAssemblies (1025ms)
				LogAssemblyErrors (0ms)
				InitializePlatformSupportModulesInManaged (26ms)
				SetLoadedEditorAssemblies (1ms)
				RefreshPlugins (2ms)
				BeforeProcessingInitializeOnLoad (159ms)
				ProcessInitializeOnLoadAttributes (772ms)
				ProcessInitializeOnLoadMethodAttributes (47ms)
				AfterProcessingInitializeOnLoad (18ms)
				EditorAssembliesLoaded (0ms)
			ExecutionOrderSort2 (0ms)
			AwakeInstancesAfterBackupRestoration (48ms)
Platform modules already initialized, skipping
Refreshing native plugins compatible for Editor in 8.33 ms, found 12 plugins.
Preloading 0 native plugins for Editor in 0.00 ms.
Unloading 7007 Unused Serialized files (Serialized files now loaded: 0)
Unloading 79 unused Assets / (3.9 MB). Loaded Objects now: 8045.
Memory consumption went from 401.8 MB to 397.9 MB.
Total: 6.488000 ms (FindLiveObjects: 0.885300 ms CreateObjectMapping: 0.642000 ms MarkObjects: 4.048200 ms  DeleteObjects: 0.911400 ms)

AssetImportParameters requested are different than current active one (requested -> active):
  custom:video-decoder-ogg-theora: a1e56fd34408186e4bbccfd4996cb3dc -> 
  custom:container-muxer-webm: aa71ff27fc2769a1b78a27578f13a17b -> 
  custom:container-demuxer-webm: 4f35f7cbe854078d1ac9338744f61a02 -> 
  custom:video-encoder-webm-vp8: eb34c28f22e8b96e1ab97ce403110664 -> 
  custom:audio-encoder-webm-vorbis: bf7c407c2cedff20999df2af8eb42d56 -> 
  custom:framework-win-MediaFoundation: 216162199b28c13a410421893ffa2e32 -> 
  custom:container-demuxer-ogg: 62fdf1f143b41e24485cea50d1cbac27 -> 
  custom:video-decoder-webm-vp8: 9c59270c3fd7afecdb556c50c9e8de78 -> 
  custom:audio-decoder-ogg-vorbis: bf7c407c2cedff20999df2af8eb42d56 -> 
========================================================================
Received Prepare
Registering precompiled user dll's ...
Registered in 0.037093 seconds.
Begin MonoManager ReloadAssembly
Symbol file LoadedFromMemory doesn't match image G:\RevolutionModel-UnityVR\VR_Nanchang\Library\PackageCache\com.unity.visualscripting@1.8.0\Editor\VisualScripting.Core\Dependencies\DotNetZip\Unity.VisualScripting.IonicZip.dll
Symbol file LoadedFromMemory doesn't match image G:\RevolutionModel-UnityVR\VR_Nanchang\Library\PackageCache\com.unity.visualscripting@1.8.0\Editor\VisualScripting.Core\Dependencies\YamlDotNet\Unity.VisualScripting.YamlDotNet.dll
Native extension for WindowsStandalone target not found
Native extension for Android target not found
Refreshing native plugins compatible for Editor in 1.60 ms, found 12 plugins.
Preloading 0 native plugins for Editor in 0.00 ms.
Mono: successfully reloaded assembly
- Completed reload, in  2.352 seconds
Domain Reload Profiling:
	ReloadAssembly (2353ms)
		BeginReloadAssembly (245ms)
			ExecutionOrderSort (0ms)
			DisableScriptedObjects (7ms)
			BackupInstance (0ms)
			ReleaseScriptingObjects (0ms)
			CreateAndSetChildDomain (82ms)
		EndReloadAssembly (1968ms)
			LoadAssemblies (168ms)
			RebuildTransferFunctionScriptingTraits (0ms)
			SetupTypeCache (509ms)
			ReleaseScriptCaches (3ms)
			RebuildScriptCaches (115ms)
			SetupLoadedEditorAssemblies (962ms)
				LogAssemblyErrors (0ms)
				InitializePlatformSupportModulesInManaged (23ms)
				SetLoadedEditorAssemblies (1ms)
				RefreshPlugins (2ms)
				BeforeProcessingInitializeOnLoad (167ms)
				ProcessInitializeOnLoadAttributes (716ms)
				ProcessInitializeOnLoadMethodAttributes (38ms)
				AfterProcessingInitializeOnLoad (16ms)
				EditorAssembliesLoaded (0ms)
			ExecutionOrderSort2 (0ms)
			AwakeInstancesAfterBackupRestoration (42ms)
Platform modules already initialized, skipping
Refreshing native plugins compatible for Editor in 13.67 ms, found 12 plugins.
Preloading 0 native plugins for Editor in 0.00 ms.
Unloading 7007 Unused Serialized files (Serialized files now loaded: 0)
Unloading 79 unused Assets / (3.9 MB). Loaded Objects now: 8061.
Memory consumption went from 401.8 MB to 397.9 MB.
Total: 8.923400 ms (FindLiveObjects: 0.661500 ms CreateObjectMapping: 0.863200 ms MarkObjects: 6.539700 ms  DeleteObjects: 0.857800 ms)

AssetImportParameters requested are different than current active one (requested -> active):
  custom:video-decoder-ogg-theora: a1e56fd34408186e4bbccfd4996cb3dc -> 
  custom:container-muxer-webm: aa71ff27fc2769a1b78a27578f13a17b -> 
  custom:container-demuxer-webm: 4f35f7cbe854078d1ac9338744f61a02 -> 
  custom:video-encoder-webm-vp8: eb34c28f22e8b96e1ab97ce403110664 -> 
  custom:audio-encoder-webm-vorbis: bf7c407c2cedff20999df2af8eb42d56 -> 
  custom:framework-win-MediaFoundation: 216162199b28c13a410421893ffa2e32 -> 
  custom:container-demuxer-ogg: 62fdf1f143b41e24485cea50d1cbac27 -> 
  custom:video-decoder-webm-vp8: 9c59270c3fd7afecdb556c50c9e8de78 -> 
  custom:audio-decoder-ogg-vorbis: bf7c407c2cedff20999df2af8eb42d56 -> 
========================================================================
Received Prepare
Registering precompiled user dll's ...
Registered in 0.039564 seconds.
Begin MonoManager ReloadAssembly
Symbol file LoadedFromMemory doesn't match image G:\RevolutionModel-UnityVR\VR_Nanchang\Library\PackageCache\com.unity.visualscripting@1.8.0\Editor\VisualScripting.Core\Dependencies\DotNetZip\Unity.VisualScripting.IonicZip.dll
Symbol file LoadedFromMemory doesn't match image G:\RevolutionModel-UnityVR\VR_Nanchang\Library\PackageCache\com.unity.visualscripting@1.8.0\Editor\VisualScripting.Core\Dependencies\YamlDotNet\Unity.VisualScripting.YamlDotNet.dll
Native extension for WindowsStandalone target not found
Native extension for Android target not found
Refreshing native plugins compatible for Editor in 1.57 ms, found 12 plugins.
Preloading 0 native plugins for Editor in 0.00 ms.
Mono: successfully reloaded assembly
- Completed reload, in  2.779 seconds
Domain Reload Profiling:
	ReloadAssembly (2780ms)
		BeginReloadAssembly (286ms)
			ExecutionOrderSort (0ms)
			DisableScriptedObjects (7ms)
			BackupInstance (0ms)
			ReleaseScriptingObjects (0ms)
			CreateAndSetChildDomain (74ms)
		EndReloadAssembly (2335ms)
			LoadAssemblies (229ms)
			RebuildTransferFunctionScriptingTraits (0ms)
			SetupTypeCache (624ms)
			ReleaseScriptCaches (3ms)
			RebuildScriptCaches (131ms)
			SetupLoadedEditorAssemblies (1154ms)
				LogAssemblyErrors (0ms)
				InitializePlatformSupportModulesInManaged (36ms)
				SetLoadedEditorAssemblies (1ms)
				RefreshPlugins (2ms)
				BeforeProcessingInitializeOnLoad (190ms)
				ProcessInitializeOnLoadAttributes (863ms)
				ProcessInitializeOnLoadMethodAttributes (46ms)
				AfterProcessingInitializeOnLoad (17ms)
				EditorAssembliesLoaded (0ms)
			ExecutionOrderSort2 (0ms)
			AwakeInstancesAfterBackupRestoration (46ms)
Platform modules already initialized, skipping
Refreshing native plugins compatible for Editor in 9.51 ms, found 12 plugins.
Preloading 0 native plugins for Editor in 0.00 ms.
Unloading 7007 Unused Serialized files (Serialized files now loaded: 0)
Unloading 79 unused Assets / (3.9 MB). Loaded Objects now: 8077.
Memory consumption went from 401.9 MB to 397.9 MB.
Total: 5.969000 ms (FindLiveObjects: 0.659900 ms CreateObjectMapping: 0.633000 ms MarkObjects: 3.838800 ms  DeleteObjects: 0.836400 ms)

AssetImportParameters requested are different than current active one (requested -> active):
  custom:video-decoder-ogg-theora: a1e56fd34408186e4bbccfd4996cb3dc -> 
  custom:container-muxer-webm: aa71ff27fc2769a1b78a27578f13a17b -> 
  custom:container-demuxer-webm: 4f35f7cbe854078d1ac9338744f61a02 -> 
  custom:video-encoder-webm-vp8: eb34c28f22e8b96e1ab97ce403110664 -> 
  custom:audio-encoder-webm-vorbis: bf7c407c2cedff20999df2af8eb42d56 -> 
  custom:framework-win-MediaFoundation: 216162199b28c13a410421893ffa2e32 -> 
  custom:container-demuxer-ogg: 62fdf1f143b41e24485cea50d1cbac27 -> 
  custom:video-decoder-webm-vp8: 9c59270c3fd7afecdb556c50c9e8de78 -> 
  custom:audio-decoder-ogg-vorbis: bf7c407c2cedff20999df2af8eb42d56 -> 
========================================================================
Received Prepare
Registering precompiled user dll's ...
Registered in 0.046484 seconds.
Begin MonoManager ReloadAssembly
Symbol file LoadedFromMemory doesn't match image G:\RevolutionModel-UnityVR\VR_Nanchang\Library\PackageCache\com.unity.visualscripting@1.8.0\Editor\VisualScripting.Core\Dependencies\DotNetZip\Unity.VisualScripting.IonicZip.dll
Symbol file LoadedFromMemory doesn't match image G:\RevolutionModel-UnityVR\VR_Nanchang\Library\PackageCache\com.unity.visualscripting@1.8.0\Editor\VisualScripting.Core\Dependencies\YamlDotNet\Unity.VisualScripting.YamlDotNet.dll
Native extension for WindowsStandalone target not found
Native extension for Android target not found
Refreshing native plugins compatible for Editor in 2.60 ms, found 12 plugins.
Preloading 0 native plugins for Editor in 0.00 ms.
Mono: successfully reloaded assembly
- Completed reload, in  3.111 seconds
Domain Reload Profiling:
	ReloadAssembly (3112ms)
		BeginReloadAssembly (379ms)
			ExecutionOrderSort (0ms)
			DisableScriptedObjects (8ms)
			BackupInstance (0ms)
			ReleaseScriptingObjects (0ms)
			CreateAndSetChildDomain (67ms)
		EndReloadAssembly (2541ms)
			LoadAssemblies (317ms)
			RebuildTransferFunctionScriptingTraits (0ms)
			SetupTypeCache (747ms)
			ReleaseScriptCaches (3ms)
			RebuildScriptCaches (106ms)
			SetupLoadedEditorAssemblies (998ms)
				LogAssemblyErrors (0ms)
				InitializePlatformSupportModulesInManaged (30ms)
				SetLoadedEditorAssemblies (1ms)
				RefreshPlugins (3ms)
				BeforeProcessingInitializeOnLoad (156ms)
				ProcessInitializeOnLoadAttributes (748ms)
				ProcessInitializeOnLoadMethodAttributes (41ms)
				AfterProcessingInitializeOnLoad (19ms)
				EditorAssembliesLoaded (0ms)
			ExecutionOrderSort2 (0ms)
			AwakeInstancesAfterBackupRestoration (48ms)
Platform modules already initialized, skipping
Refreshing native plugins compatible for Editor in 11.29 ms, found 12 plugins.
Preloading 0 native plugins for Editor in 0.00 ms.
Unloading 7007 Unused Serialized files (Serialized files now loaded: 0)
Unloading 79 unused Assets / (3.9 MB). Loaded Objects now: 8093.
Memory consumption went from 401.9 MB to 398.0 MB.
Total: 7.475900 ms (FindLiveObjects: 0.827700 ms CreateObjectMapping: 1.063700 ms MarkObjects: 4.674900 ms  DeleteObjects: 0.908400 ms)

AssetImportParameters requested are different than current active one (requested -> active):
  custom:video-decoder-ogg-theora: a1e56fd34408186e4bbccfd4996cb3dc -> 
  custom:container-muxer-webm: aa71ff27fc2769a1b78a27578f13a17b -> 
  custom:container-demuxer-webm: 4f35f7cbe854078d1ac9338744f61a02 -> 
  custom:video-encoder-webm-vp8: eb34c28f22e8b96e1ab97ce403110664 -> 
  custom:audio-encoder-webm-vorbis: bf7c407c2cedff20999df2af8eb42d56 -> 
  custom:framework-win-MediaFoundation: 216162199b28c13a410421893ffa2e32 -> 
  custom:container-demuxer-ogg: 62fdf1f143b41e24485cea50d1cbac27 -> 
  custom:video-decoder-webm-vp8: 9c59270c3fd7afecdb556c50c9e8de78 -> 
  custom:audio-decoder-ogg-vorbis: bf7c407c2cedff20999df2af8eb42d56 -> 
========================================================================
Received Prepare
Registering precompiled user dll's ...
Registered in 0.036270 seconds.
Begin MonoManager ReloadAssembly
Symbol file LoadedFromMemory doesn't match image G:\RevolutionModel-UnityVR\VR_Nanchang\Library\PackageCache\com.unity.visualscripting@1.8.0\Editor\VisualScripting.Core\Dependencies\DotNetZip\Unity.VisualScripting.IonicZip.dll
Symbol file LoadedFromMemory doesn't match image G:\RevolutionModel-UnityVR\VR_Nanchang\Library\PackageCache\com.unity.visualscripting@1.8.0\Editor\VisualScripting.Core\Dependencies\YamlDotNet\Unity.VisualScripting.YamlDotNet.dll
Native extension for WindowsStandalone target not found
Native extension for Android target not found
Refreshing native plugins compatible for Editor in 2.68 ms, found 12 plugins.
Preloading 0 native plugins for Editor in 0.00 ms.
Mono: successfully reloaded assembly
- Completed reload, in  2.350 seconds
Domain Reload Profiling:
	ReloadAssembly (2351ms)
		BeginReloadAssembly (256ms)
			ExecutionOrderSort (0ms)
			DisableScriptedObjects (7ms)
			BackupInstance (0ms)
			ReleaseScriptingObjects (0ms)
			CreateAndSetChildDomain (89ms)
		EndReloadAssembly (1947ms)
			LoadAssemblies (168ms)
			RebuildTransferFunctionScriptingTraits (0ms)
			SetupTypeCache (498ms)
			ReleaseScriptCaches (3ms)
			RebuildScriptCaches (100ms)
			SetupLoadedEditorAssemblies (991ms)
				LogAssemblyErrors (0ms)
				InitializePlatformSupportModulesInManaged (32ms)
				SetLoadedEditorAssemblies (1ms)
				RefreshPlugins (3ms)
				BeforeProcessingInitializeOnLoad (155ms)
				ProcessInitializeOnLoadAttributes (741ms)
				ProcessInitializeOnLoadMethodAttributes (39ms)
				AfterProcessingInitializeOnLoad (21ms)
				EditorAssembliesLoaded (0ms)
			ExecutionOrderSort2 (0ms)
			AwakeInstancesAfterBackupRestoration (45ms)
Platform modules already initialized, skipping
Refreshing native plugins compatible for Editor in 9.17 ms, found 12 plugins.
Preloading 0 native plugins for Editor in 0.00 ms.
Unloading 7007 Unused Serialized files (Serialized files now loaded: 0)
Unloading 79 unused Assets / (3.9 MB). Loaded Objects now: 8109.
Memory consumption went from 401.9 MB to 398.0 MB.
Total: 8.854200 ms (FindLiveObjects: 0.705800 ms CreateObjectMapping: 0.910500 ms MarkObjects: 6.275600 ms  DeleteObjects: 0.961100 ms)

AssetImportParameters requested are different than current active one (requested -> active):
  custom:video-decoder-ogg-theora: a1e56fd34408186e4bbccfd4996cb3dc -> 
  custom:container-muxer-webm: aa71ff27fc2769a1b78a27578f13a17b -> 
  custom:container-demuxer-webm: 4f35f7cbe854078d1ac9338744f61a02 -> 
  custom:video-encoder-webm-vp8: eb34c28f22e8b96e1ab97ce403110664 -> 
  custom:audio-encoder-webm-vorbis: bf7c407c2cedff20999df2af8eb42d56 -> 
  custom:framework-win-MediaFoundation: 216162199b28c13a410421893ffa2e32 -> 
  custom:container-demuxer-ogg: 62fdf1f143b41e24485cea50d1cbac27 -> 
  custom:video-decoder-webm-vp8: 9c59270c3fd7afecdb556c50c9e8de78 -> 
  custom:audio-decoder-ogg-vorbis: bf7c407c2cedff20999df2af8eb42d56 -> 
========================================================================
Received Prepare
Registering precompiled user dll's ...
Registered in 0.031426 seconds.
Begin MonoManager ReloadAssembly
Symbol file LoadedFromMemory doesn't match image G:\RevolutionModel-UnityVR\VR_Nanchang\Library\PackageCache\com.unity.visualscripting@1.8.0\Editor\VisualScripting.Core\Dependencies\DotNetZip\Unity.VisualScripting.IonicZip.dll
Symbol file LoadedFromMemory doesn't match image G:\RevolutionModel-UnityVR\VR_Nanchang\Library\PackageCache\com.unity.visualscripting@1.8.0\Editor\VisualScripting.Core\Dependencies\YamlDotNet\Unity.VisualScripting.YamlDotNet.dll
Native extension for WindowsStandalone target not found
Native extension for Android target not found
Refreshing native plugins compatible for Editor in 1.68 ms, found 12 plugins.
Preloading 0 native plugins for Editor in 0.00 ms.
Mono: successfully reloaded assembly
- Completed reload, in  2.364 seconds
Domain Reload Profiling:
	ReloadAssembly (2365ms)
		BeginReloadAssembly (285ms)
			ExecutionOrderSort (0ms)
			DisableScriptedObjects (7ms)
			BackupInstance (0ms)
			ReleaseScriptingObjects (0ms)
			CreateAndSetChildDomain (86ms)
		EndReloadAssembly (1924ms)
			LoadAssemblies (194ms)
			RebuildTransferFunctionScriptingTraits (0ms)
			SetupTypeCache (482ms)
			ReleaseScriptCaches (3ms)
			RebuildScriptCaches (108ms)
			SetupLoadedEditorAssemblies (978ms)
				LogAssemblyErrors (0ms)
				InitializePlatformSupportModulesInManaged (25ms)
				SetLoadedEditorAssemblies (0ms)
				RefreshPlugins (2ms)
				BeforeProcessingInitializeOnLoad (149ms)
				ProcessInitializeOnLoadAttributes (740ms)
				ProcessInitializeOnLoadMethodAttributes (41ms)
				AfterProcessingInitializeOnLoad (21ms)
				EditorAssembliesLoaded (0ms)
			ExecutionOrderSort2 (0ms)
			AwakeInstancesAfterBackupRestoration (42ms)
Platform modules already initialized, skipping
Refreshing native plugins compatible for Editor in 11.46 ms, found 12 plugins.
Preloading 0 native plugins for Editor in 0.00 ms.
Unloading 7007 Unused Serialized files (Serialized files now loaded: 0)
Unloading 79 unused Assets / (3.9 MB). Loaded Objects now: 8125.
Memory consumption went from 402.0 MB to 398.1 MB.
Total: 7.959300 ms (FindLiveObjects: 0.828700 ms CreateObjectMapping: 0.796200 ms MarkObjects: 5.344800 ms  DeleteObjects: 0.988100 ms)

AssetImportParameters requested are different than current active one (requested -> active):
  custom:video-decoder-ogg-theora: a1e56fd34408186e4bbccfd4996cb3dc -> 
  custom:container-muxer-webm: aa71ff27fc2769a1b78a27578f13a17b -> 
  custom:container-demuxer-webm: 4f35f7cbe854078d1ac9338744f61a02 -> 
  custom:video-encoder-webm-vp8: eb34c28f22e8b96e1ab97ce403110664 -> 
  custom:audio-encoder-webm-vorbis: bf7c407c2cedff20999df2af8eb42d56 -> 
  custom:framework-win-MediaFoundation: 216162199b28c13a410421893ffa2e32 -> 
  custom:container-demuxer-ogg: 62fdf1f143b41e24485cea50d1cbac27 -> 
  custom:video-decoder-webm-vp8: 9c59270c3fd7afecdb556c50c9e8de78 -> 
  custom:audio-decoder-ogg-vorbis: bf7c407c2cedff20999df2af8eb42d56 -> 
