Using pre-set license
Built from '2021.3/china_unity/release' branch; Version is '2021.3.20f1c1 (7cf0fbd73406) revision 8188155'; Using compiler version '192829333'; Build Type 'Release'
OS: 'Windows 10  (10.0.19045) 64bit Professional' Language: 'zh' Physical Memory: 32649 MB
BatchMode: 1, IsHumanControllingUs: 0, StartBugReporterOnCrash: 0, Is64bit: 1, IsPro: 1

COMMAND LINE ARGUMENTS:
C:\Program Files\Unity\Hub\Editor\2021.3.20f1c1\Editor\Unity.exe
-adb2
-batchMode
-noUpm
-name
AssetImportWorker0
-projectPath
G:/RevolutionModel-UnityVR/VR_Nanchang
-logFile
Logs/AssetImportWorker0.log
-srvPort
26577
Successfully changed project path to: G:/RevolutionModel-UnityVR/VR_Nanchang
G:/RevolutionModel-UnityVR/VR_Nanchang
[UnityMemory] Configuration Parameters - Can be set up in boot.config
    "memorysetup-bucket-allocator-granularity=16"
    "memorysetup-bucket-allocator-bucket-count=8"
    "memorysetup-bucket-allocator-block-size=33554432"
    "memorysetup-bucket-allocator-block-count=8"
    "memorysetup-main-allocator-block-size=16777216"
    "memorysetup-thread-allocator-block-size=16777216"
    "memorysetup-gfx-main-allocator-block-size=16777216"
    "memorysetup-gfx-thread-allocator-block-size=16777216"
    "memorysetup-cache-allocator-block-size=4194304"
    "memorysetup-typetree-allocator-block-size=2097152"
    "memorysetup-profiler-bucket-allocator-granularity=16"
    "memorysetup-profiler-bucket-allocator-bucket-count=8"
    "memorysetup-profiler-bucket-allocator-block-size=33554432"
    "memorysetup-profiler-bucket-allocator-block-count=8"
    "memorysetup-profiler-allocator-block-size=16777216"
    "memorysetup-profiler-editor-allocator-block-size=1048576"
    "memorysetup-temp-allocator-size-main=16777216"
    "memorysetup-job-temp-allocator-block-size=2097152"
    "memorysetup-job-temp-allocator-block-size-background=1048576"
    "memorysetup-job-temp-allocator-reduction-small-platforms=262144"
    "memorysetup-temp-allocator-size-background-worker=32768"
    "memorysetup-temp-allocator-size-job-worker=262144"
    "memorysetup-temp-allocator-size-preload-manager=33554432"
    "memorysetup-temp-allocator-size-nav-mesh-worker=65536"
    "memorysetup-temp-allocator-size-audio-worker=65536"
    "memorysetup-temp-allocator-size-cloud-worker=32768"
    "memorysetup-temp-allocator-size-gi-baking-worker=262144"
    "memorysetup-temp-allocator-size-gfx=262144"
Player connection [14368] Host "[IP] 192.168.50.231 [Port] 0 [Flags] 2 [Guid] 799848888 [EditorId] 799848888 [Version] 1048832 [Id] WindowsEditor(7,NoteBook-MSI) [Debug] 1 [PackageName] WindowsEditor [ProjectName] Editor" joined multi-casting on [225.0.0.222:54997]...

Player connection [14368] Host "[IP] 192.168.50.231 [Port] 0 [Flags] 2 [Guid] 799848888 [EditorId] 799848888 [Version] 1048832 [Id] WindowsEditor(7,NoteBook-MSI) [Debug] 1 [PackageName] WindowsEditor [ProjectName] Editor" joined alternative multi-casting on [225.0.0.222:34997]...

AS: AutoStreaming module initializing.
Refreshing native plugins compatible for Editor in 244.91 ms, found 12 plugins.
Preloading 0 native plugins for Editor in 0.00 ms.
Initialize engine version: 2021.3.20f1c1 (7cf0fbd73406)
[Subsystems] Discovering subsystems at path C:/Program Files/Unity/Hub/Editor/2021.3.20f1c1/Editor/Data/Resources/UnitySubsystems
[Subsystems] Discovering subsystems at path G:/RevolutionModel-UnityVR/VR_Nanchang/Assets
GfxDevice: creating device client; threaded=0; jobified=0
Direct3D:
    Version:  Direct3D 11.0 [level 11.1]
    Renderer: NVIDIA GeForce GTX 1060 (ID=0x1c20)
    Vendor:   NVIDIA
    VRAM:     6044 MB
    Driver:   31.0.15.4601
Initialize mono
Mono path[0] = 'C:/Program Files/Unity/Hub/Editor/2021.3.20f1c1/Editor/Data/Managed'
Mono path[1] = 'C:/Program Files/Unity/Hub/Editor/2021.3.20f1c1/Editor/Data/MonoBleedingEdge/lib/mono/unityjit-win32'
Mono config path = 'C:/Program Files/Unity/Hub/Editor/2021.3.20f1c1/Editor/Data/MonoBleedingEdge/etc'
Using monoOptions --debugger-agent=transport=dt_socket,embedding=1,server=y,suspend=n,address=127.0.0.1:56636
Begin MonoManager ReloadAssembly
Registering precompiled unity dll's ...
Register platform support module: C:/Program Files/Unity/Hub/Editor/2021.3.20f1c1/Editor/Data/PlaybackEngines/AndroidPlayer/UnityEditor.Android.Extensions.dll
Register platform support module: C:/Program Files/Unity/Hub/Editor/2021.3.20f1c1/Editor/Data/PlaybackEngines/WindowsStandaloneSupport/UnityEditor.WindowsStandalone.Extensions.dll
Registered in 0.011472 seconds.
Native extension for WindowsStandalone target not found
Native extension for Android target not found
Android Extension - Scanning For ADB Devices 381 ms
Refreshing native plugins compatible for Editor in 239.17 ms, found 12 plugins.
Preloading 0 native plugins for Editor in 0.00 ms.
Mono: successfully reloaded assembly
- Completed reload, in  1.453 seconds
Domain Reload Profiling:
	ReloadAssembly (1453ms)
		BeginReloadAssembly (127ms)
			ExecutionOrderSort (0ms)
			DisableScriptedObjects (0ms)
			BackupInstance (0ms)
			ReleaseScriptingObjects (0ms)
			CreateAndSetChildDomain (1ms)
		EndReloadAssembly (1173ms)
			LoadAssemblies (122ms)
			RebuildTransferFunctionScriptingTraits (0ms)
			SetupTypeCache (164ms)
			ReleaseScriptCaches (0ms)
			RebuildScriptCaches (39ms)
			SetupLoadedEditorAssemblies (889ms)
				LogAssemblyErrors (0ms)
				InitializePlatformSupportModulesInManaged (468ms)
				SetLoadedEditorAssemblies (0ms)
				RefreshPlugins (239ms)
				BeforeProcessingInitializeOnLoad (2ms)
				ProcessInitializeOnLoadAttributes (126ms)
				ProcessInitializeOnLoadMethodAttributes (54ms)
				AfterProcessingInitializeOnLoad (0ms)
				EditorAssembliesLoaded (0ms)
			ExecutionOrderSort2 (0ms)
			AwakeInstancesAfterBackupRestoration (0ms)
Platform modules already initialized, skipping
Registering precompiled user dll's ...
Registered in 0.035860 seconds.
Begin MonoManager ReloadAssembly
Symbol file LoadedFromMemory doesn't match image G:\RevolutionModel-UnityVR\VR_Nanchang\Library\PackageCache\com.unity.visualscripting@1.8.0\Editor\VisualScripting.Core\Dependencies\DotNetZip\Unity.VisualScripting.IonicZip.dll
Symbol file LoadedFromMemory doesn't match image G:\RevolutionModel-UnityVR\VR_Nanchang\Library\PackageCache\com.unity.visualscripting@1.8.0\Editor\VisualScripting.Core\Dependencies\YamlDotNet\Unity.VisualScripting.YamlDotNet.dll
Native extension for WindowsStandalone target not found
Native extension for Android target not found
Refreshing native plugins compatible for Editor in 233.22 ms, found 12 plugins.
Preloading 0 native plugins for Editor in 0.00 ms.
Package Manager log level set to [2]
Mono: successfully reloaded assembly
- Completed reload, in  2.957 seconds
Domain Reload Profiling:
	ReloadAssembly (2958ms)
		BeginReloadAssembly (152ms)
			ExecutionOrderSort (0ms)
			DisableScriptedObjects (7ms)
			BackupInstance (0ms)
			ReleaseScriptingObjects (0ms)
			CreateAndSetChildDomain (23ms)
		EndReloadAssembly (2644ms)
			LoadAssemblies (171ms)
			RebuildTransferFunctionScriptingTraits (0ms)
			SetupTypeCache (580ms)
			ReleaseScriptCaches (1ms)
			RebuildScriptCaches (180ms)
			SetupLoadedEditorAssemblies (1637ms)
				LogAssemblyErrors (0ms)
				InitializePlatformSupportModulesInManaged (27ms)
				SetLoadedEditorAssemblies (0ms)
				RefreshPlugins (233ms)
				BeforeProcessingInitializeOnLoad (216ms)
				ProcessInitializeOnLoadAttributes (858ms)
				ProcessInitializeOnLoadMethodAttributes (284ms)
				AfterProcessingInitializeOnLoad (17ms)
				EditorAssembliesLoaded (0ms)
			ExecutionOrderSort2 (0ms)
			AwakeInstancesAfterBackupRestoration (8ms)
Platform modules already initialized, skipping
========================================================================
Worker process is ready to serve import requests
Launched and connected shader compiler UnityShaderCompiler.exe after 0.07 seconds
Refreshing native plugins compatible for Editor in 2.80 ms, found 12 plugins.
Preloading 0 native plugins for Editor in 0.00 ms.
Unloading 7382 Unused Serialized files (Serialized files now loaded: 0)
Unloading 101 unused Assets / (3.9 MB). Loaded Objects now: 7842.
Memory consumption went from 343.5 MB to 339.6 MB.
Total: 6.883000 ms (FindLiveObjects: 0.694800 ms CreateObjectMapping: 0.706300 ms MarkObjects: 4.555100 ms  DeleteObjects: 0.925100 ms)

AssetImportParameters requested are different than current active one (requested -> active):
  custom:video-decoder-ogg-theora: a1e56fd34408186e4bbccfd4996cb3dc -> 
  custom:container-muxer-webm: aa71ff27fc2769a1b78a27578f13a17b -> 
  custom:container-demuxer-webm: 4f35f7cbe854078d1ac9338744f61a02 -> 
  custom:video-encoder-webm-vp8: eb34c28f22e8b96e1ab97ce403110664 -> 
  custom:audio-encoder-webm-vorbis: bf7c407c2cedff20999df2af8eb42d56 -> 
  custom:framework-win-MediaFoundation: 216162199b28c13a410421893ffa2e32 -> 
  custom:container-demuxer-ogg: 62fdf1f143b41e24485cea50d1cbac27 -> 
  custom:video-decoder-webm-vp8: 9c59270c3fd7afecdb556c50c9e8de78 -> 
  custom:audio-decoder-ogg-vorbis: bf7c407c2cedff20999df2af8eb42d56 -> 
========================================================================
Received Import Request.
  Time since last request: 93136.386505 seconds.
  path: Assets/Amazing Assets/Advanced Dissolve/Example Scenes/Tutorial Scenes/Files/Materials/Plastic_Gray_Mat.mat
  artifactKey: Guid(2e15273cadc93454eb508a08a5b07d0b) Importer(815301076,1909f56bfc062723c751e8b465ee728b)
Start importing Assets/Amazing Assets/Advanced Dissolve/Example Scenes/Tutorial Scenes/Files/Materials/Plastic_Gray_Mat.mat using Guid(2e15273cadc93454eb508a08a5b07d0b) Importer(815301076,1909f56bfc062723c751e8b465ee728b)  -> (artifact id: 'bb288c44f3a344ccf1b917ed20c62383') in 1.992213 seconds 
========================================================================
Received Import Request.
  Time since last request: 0.000041 seconds.
  path: Assets/Amazing Assets/Advanced Dissolve/Example Scenes/Tutorial Scenes/Files/Materials/Liquid_Mat.mat
  artifactKey: Guid(10c58c1a7b2aad44ca51410a418a6d49) Importer(815301076,1909f56bfc062723c751e8b465ee728b)
Start importing Assets/Amazing Assets/Advanced Dissolve/Example Scenes/Tutorial Scenes/Files/Materials/Liquid_Mat.mat using Guid(10c58c1a7b2aad44ca51410a418a6d49) Importer(815301076,1909f56bfc062723c751e8b465ee728b)  -> (artifact id: '5792d5faa3c242c0a6ce6676b4e5ce71') in 0.110964 seconds 
========================================================================
Received Import Request.
  Time since last request: 0.000052 seconds.
  path: Assets/Amazing Assets/Advanced Dissolve/Example Scenes/Tutorial Scenes/Files/Additional Materials/B2.mat
  artifactKey: Guid(2879ad3a9ef04fb43b0120f7a8107d23) Importer(815301076,1909f56bfc062723c751e8b465ee728b)
Start importing Assets/Amazing Assets/Advanced Dissolve/Example Scenes/Tutorial Scenes/Files/Additional Materials/B2.mat using Guid(2879ad3a9ef04fb43b0120f7a8107d23) Importer(815301076,1909f56bfc062723c751e8b465ee728b)  -> (artifact id: 'f2221c8d8d88adff8242fd1b9df966f0') in 0.206865 seconds 
========================================================================
Received Import Request.
  Time since last request: 0.000032 seconds.
  path: Assets/Amazing Assets/Advanced Dissolve/Example Scenes/Tutorial Scenes/Files/Additional Materials/Orb (Double Sided).mat
  artifactKey: Guid(fd911ffd36b55984d8cda02f1cfe6f91) Importer(815301076,1909f56bfc062723c751e8b465ee728b)
Start importing Assets/Amazing Assets/Advanced Dissolve/Example Scenes/Tutorial Scenes/Files/Additional Materials/Orb (Double Sided).mat using Guid(fd911ffd36b55984d8cda02f1cfe6f91) Importer(815301076,1909f56bfc062723c751e8b465ee728b)  -> (artifact id: '750a8b0d17379949572f83694f6cd77b') in 0.275122 seconds 
========================================================================
Received Import Request.
  Time since last request: 0.000050 seconds.
  path: Assets/Material/GuideLine False.mat
  artifactKey: Guid(2807c77f22a845e4f9765e00034f4446) Importer(815301076,1909f56bfc062723c751e8b465ee728b)
Start importing Assets/Material/GuideLine False.mat using Guid(2807c77f22a845e4f9765e00034f4446) Importer(815301076,1909f56bfc062723c751e8b465ee728b)  -> (artifact id: '2b6172260b8627961af331a4e2640d36') in 0.029142 seconds 
========================================================================
Received Import Request.
  Time since last request: 0.000035 seconds.
  path: Assets/Amazing Assets/Advanced Dissolve/Example Scenes/Tutorial Scenes/Files/Materials/PaintLabel_Mat.mat
  artifactKey: Guid(e5935ee809bec384398e6ecef81cd2a3) Importer(815301076,1909f56bfc062723c751e8b465ee728b)
Start importing Assets/Amazing Assets/Advanced Dissolve/Example Scenes/Tutorial Scenes/Files/Materials/PaintLabel_Mat.mat using Guid(e5935ee809bec384398e6ecef81cd2a3) Importer(815301076,1909f56bfc062723c751e8b465ee728b)  -> (artifact id: 'd94d4fd22c8b9d99f16e174307034f5d') in 0.070413 seconds 
========================================================================
Received Import Request.
  Time since last request: 0.000031 seconds.
  path: Assets/Amazing Assets/Advanced Dissolve/Example Scenes/Tutorial Scenes/Files/Materials/Plastic_Ridges_Mat.mat
  artifactKey: Guid(dc05e216518ecee43a25df7bbc3485e1) Importer(815301076,1909f56bfc062723c751e8b465ee728b)
Start importing Assets/Amazing Assets/Advanced Dissolve/Example Scenes/Tutorial Scenes/Files/Materials/Plastic_Ridges_Mat.mat using Guid(dc05e216518ecee43a25df7bbc3485e1) Importer(815301076,1909f56bfc062723c751e8b465ee728b)  -> (artifact id: 'aedd3483536bbadb76ce0ea3bad8feff') in 0.234617 seconds 
========================================================================
Received Import Request.
  Time since last request: 0.000033 seconds.
  path: Assets/Amazing Assets/Advanced Dissolve/Example Scenes/Tutorial Scenes/Files/Materials/Plastic_White_Mat.mat
  artifactKey: Guid(332bc422c4b96ee479b389efae383559) Importer(815301076,1909f56bfc062723c751e8b465ee728b)
Start importing Assets/Amazing Assets/Advanced Dissolve/Example Scenes/Tutorial Scenes/Files/Materials/Plastic_White_Mat.mat using Guid(332bc422c4b96ee479b389efae383559) Importer(815301076,1909f56bfc062723c751e8b465ee728b)  -> (artifact id: '175ffae6b1c352451acd1d6c4987e486') in 0.033057 seconds 
========================================================================
Received Import Request.
  Time since last request: 0.000055 seconds.
  path: Assets/Amazing Assets/Advanced Dissolve/Example Scenes/Tutorial Scenes/Files/Materials/OBS_Mat.mat
  artifactKey: Guid(334cd976dbf25584c824ba1dd913d3e9) Importer(815301076,1909f56bfc062723c751e8b465ee728b)
Start importing Assets/Amazing Assets/Advanced Dissolve/Example Scenes/Tutorial Scenes/Files/Materials/OBS_Mat.mat using Guid(334cd976dbf25584c824ba1dd913d3e9) Importer(815301076,1909f56bfc062723c751e8b465ee728b)  -> (artifact id: '460c9feef802de14b3ac60405ac01562') in 0.307743 seconds 
========================================================================
Received Import Request.
  Time since last request: 0.000033 seconds.
  path: Assets/Amazing Assets/Advanced Dissolve/Example Scenes/Tutorial Scenes/Files/Additional Materials/B6.mat
  artifactKey: Guid(cdfc450886ced1f4fbddc6e7a1def766) Importer(815301076,1909f56bfc062723c751e8b465ee728b)
Start importing Assets/Amazing Assets/Advanced Dissolve/Example Scenes/Tutorial Scenes/Files/Additional Materials/B6.mat using Guid(cdfc450886ced1f4fbddc6e7a1def766) Importer(815301076,1909f56bfc062723c751e8b465ee728b)  -> (artifact id: '7cdd4230f5131ae10841fa3e6a36ebe2') in 0.144455 seconds 
========================================================================
Received Import Request.
  Time since last request: 0.000040 seconds.
  path: Assets/Amazing Assets/Advanced Dissolve/Example Scenes/Tutorial Scenes/Files/Additional Materials/Floor.mat
  artifactKey: Guid(8baffe001796ece4cb453180178894b0) Importer(815301076,1909f56bfc062723c751e8b465ee728b)
Start importing Assets/Amazing Assets/Advanced Dissolve/Example Scenes/Tutorial Scenes/Files/Additional Materials/Floor.mat using Guid(8baffe001796ece4cb453180178894b0) Importer(815301076,1909f56bfc062723c751e8b465ee728b)  -> (artifact id: 'a2e5e49556beb2cbb22ddd6ba53cd8bb') in 0.239055 seconds 
========================================================================
Received Import Request.
  Time since last request: 0.000034 seconds.
  path: Assets/Amazing Assets/Advanced Dissolve/Example Scenes/Tutorial Scenes/Files/Additional Materials/B5.mat
  artifactKey: Guid(72004951b2a0664429e64bba9b4cd127) Importer(815301076,1909f56bfc062723c751e8b465ee728b)
Start importing Assets/Amazing Assets/Advanced Dissolve/Example Scenes/Tutorial Scenes/Files/Additional Materials/B5.mat using Guid(72004951b2a0664429e64bba9b4cd127) Importer(815301076,1909f56bfc062723c751e8b465ee728b)  -> (artifact id: '414fbfac4c92638c267f10e0b2058833') in 0.298869 seconds 
========================================================================
Received Import Request.
  Time since last request: 0.000048 seconds.
  path: Assets/HTC.UnityPlugin/ViveInputUtility/Materials/Reticle.mat
  artifactKey: Guid(3320905fb6f6bd54297f26399d87c525) Importer(815301076,1909f56bfc062723c751e8b465ee728b)
Start importing Assets/HTC.UnityPlugin/ViveInputUtility/Materials/Reticle.mat using Guid(3320905fb6f6bd54297f26399d87c525) Importer(815301076,1909f56bfc062723c751e8b465ee728b)  -> (artifact id: 'd514fe3398af549a24040c2168dbc37f') in 0.032488 seconds 
========================================================================
Received Import Request.
  Time since last request: 0.000029 seconds.
  path: Assets/Amazing Assets/Advanced Dissolve/Example Scenes/Tutorial Scenes/Files/Additional Materials/Cube.mat
  artifactKey: Guid(d10e289571b9fe947a9e0e02c0e3e517) Importer(815301076,1909f56bfc062723c751e8b465ee728b)
Start importing Assets/Amazing Assets/Advanced Dissolve/Example Scenes/Tutorial Scenes/Files/Additional Materials/Cube.mat using Guid(d10e289571b9fe947a9e0e02c0e3e517) Importer(815301076,1909f56bfc062723c751e8b465ee728b)  -> (artifact id: '50c9ea252195485ef780036b88996ef8') in 0.076377 seconds 
========================================================================
Received Import Request.
  Time since last request: 0.000030 seconds.
  path: Assets/VFX GabrielAguiarProductions/Materials/Scene/Polyverse Skies - Orange Sky.mat
  artifactKey: Guid(2f4d840a117133d44860d56f11575420) Importer(815301076,1909f56bfc062723c751e8b465ee728b)
Start importing Assets/VFX GabrielAguiarProductions/Materials/Scene/Polyverse Skies - Orange Sky.mat using Guid(2f4d840a117133d44860d56f11575420) Importer(815301076,1909f56bfc062723c751e8b465ee728b)  -> (artifact id: '51b2a284e4fafbce0a76722878cf4fd7') in 0.497338 seconds 
========================================================================
Received Import Request.
  Time since last request: 0.000032 seconds.
  path: Assets/Amazing Assets/Advanced Dissolve/Example Scenes/Tutorial Scenes/Files/Additional Materials/B1.mat
  artifactKey: Guid(95f0266052f18524792b0f831f13c7a1) Importer(815301076,1909f56bfc062723c751e8b465ee728b)
Start importing Assets/Amazing Assets/Advanced Dissolve/Example Scenes/Tutorial Scenes/Files/Additional Materials/B1.mat using Guid(95f0266052f18524792b0f831f13c7a1) Importer(815301076,1909f56bfc062723c751e8b465ee728b)  -> (artifact id: 'c85bad413b413bafdaf6efbd5ecfabf8') in 0.080008 seconds 
========================================================================
Received Import Request.
  Time since last request: 0.000041 seconds.
  path: Assets/Amazing Assets/Advanced Dissolve/Example Scenes/Tutorial Scenes/Files/Materials/LightBulb_Mat.mat
  artifactKey: Guid(dd0601fea24a21b448b1692cd4549108) Importer(815301076,1909f56bfc062723c751e8b465ee728b)
Start importing Assets/Amazing Assets/Advanced Dissolve/Example Scenes/Tutorial Scenes/Files/Materials/LightBulb_Mat.mat using Guid(dd0601fea24a21b448b1692cd4549108) Importer(815301076,1909f56bfc062723c751e8b465ee728b)  -> (artifact id: '08993e72a5f0524c6688efa095c2b378') in 0.037499 seconds 
========================================================================
Received Import Request.
  Time since last request: 0.000030 seconds.
  path: Assets/Amazing Assets/Advanced Dissolve/Example Scenes/Tutorial Scenes/Files/Additional Materials/B4.mat
  artifactKey: Guid(ff9bc73bd5b69cd4895cb87a7b1e3425) Importer(815301076,1909f56bfc062723c751e8b465ee728b)
Start importing Assets/Amazing Assets/Advanced Dissolve/Example Scenes/Tutorial Scenes/Files/Additional Materials/B4.mat using Guid(ff9bc73bd5b69cd4895cb87a7b1e3425) Importer(815301076,1909f56bfc062723c751e8b465ee728b)  -> (artifact id: '988d99557d41c51100720fd98939fbfa') in 0.210278 seconds 
========================================================================
Received Import Request.
  Time since last request: 0.000054 seconds.
  path: Assets/Amazing Assets/Advanced Dissolve/Example Scenes/Tutorial Scenes/Files/Lowpoly_Wasteland_Props/Materials/Barrel.mat
  artifactKey: Guid(c4657b0ee3c01664991c0be19169b4dc) Importer(815301076,1909f56bfc062723c751e8b465ee728b)
Start importing Assets/Amazing Assets/Advanced Dissolve/Example Scenes/Tutorial Scenes/Files/Lowpoly_Wasteland_Props/Materials/Barrel.mat using Guid(c4657b0ee3c01664991c0be19169b4dc) Importer(815301076,1909f56bfc062723c751e8b465ee728b)  -> (artifact id: '4496680a55af6717139e7b04f8beac7a') in 0.159421 seconds 
========================================================================
Received Import Request.
  Time since last request: 0.000039 seconds.
  path: Assets/Amazing Assets/Advanced Dissolve/Example Scenes/Tutorial Scenes/Files/Lowpoly_Wasteland_Props/Materials/Tire.mat
  artifactKey: Guid(a9f602bbeb0bd3046a19ce7dbb4c5f5f) Importer(815301076,1909f56bfc062723c751e8b465ee728b)
Start importing Assets/Amazing Assets/Advanced Dissolve/Example Scenes/Tutorial Scenes/Files/Lowpoly_Wasteland_Props/Materials/Tire.mat using Guid(a9f602bbeb0bd3046a19ce7dbb4c5f5f) Importer(815301076,1909f56bfc062723c751e8b465ee728b)  -> (artifact id: 'cd37bf9f1a729ecdcd4413815276e1d7') in 0.147517 seconds 
========================================================================
Received Import Request.
  Time since last request: 0.000043 seconds.
  path: Assets/Amazing Assets/Advanced Dissolve/Example Scenes/Tutorial Scenes/Files/Additional Materials/B7.mat
  artifactKey: Guid(5e75253ed4b4e284896f9e36426c3fff) Importer(815301076,1909f56bfc062723c751e8b465ee728b)
Start importing Assets/Amazing Assets/Advanced Dissolve/Example Scenes/Tutorial Scenes/Files/Additional Materials/B7.mat using Guid(5e75253ed4b4e284896f9e36426c3fff) Importer(815301076,1909f56bfc062723c751e8b465ee728b)  -> (artifact id: '6768f160d2c01cadaffcefefa9175c33') in 0.287910 seconds 
========================================================================
Received Import Request.
  Time since last request: 0.000044 seconds.
  path: Assets/Amazing Assets/Advanced Dissolve/Example Scenes/Tutorial Scenes/Files/Materials/Plastic_Rough_Mat.mat
  artifactKey: Guid(f10f6c516d96af044a26741209b365ff) Importer(815301076,1909f56bfc062723c751e8b465ee728b)
Start importing Assets/Amazing Assets/Advanced Dissolve/Example Scenes/Tutorial Scenes/Files/Materials/Plastic_Rough_Mat.mat using Guid(f10f6c516d96af044a26741209b365ff) Importer(815301076,1909f56bfc062723c751e8b465ee728b)  -> (artifact id: 'bc40bed087f41e3f3901a811ae26cceb') in 0.039098 seconds 
========================================================================
Received Import Request.
  Time since last request: 0.000041 seconds.
  path: Assets/Amazing Assets/Advanced Dissolve/Example Scenes/Tutorial Scenes/Files/Materials/Plastic_Yellow_Mat.mat
  artifactKey: Guid(04e631831fd52f643b7c29d46b5a2282) Importer(815301076,1909f56bfc062723c751e8b465ee728b)
Start importing Assets/Amazing Assets/Advanced Dissolve/Example Scenes/Tutorial Scenes/Files/Materials/Plastic_Yellow_Mat.mat using Guid(04e631831fd52f643b7c29d46b5a2282) Importer(815301076,1909f56bfc062723c751e8b465ee728b)  -> (artifact id: '11f72bb3e7c69697d3446ffecb7ebb94') in 0.114406 seconds 
========================================================================
Received Import Request.
  Time since last request: 0.000032 seconds.
  path: Assets/Amazing Assets/Advanced Dissolve/Example Scenes/Tutorial Scenes/Files/Materials/DryWallPainted_Mat.mat
  artifactKey: Guid(05c6fceea5fe2e242a0afb3797194e9b) Importer(815301076,1909f56bfc062723c751e8b465ee728b)
Start importing Assets/Amazing Assets/Advanced Dissolve/Example Scenes/Tutorial Scenes/Files/Materials/DryWallPainted_Mat.mat using Guid(05c6fceea5fe2e242a0afb3797194e9b) Importer(815301076,1909f56bfc062723c751e8b465ee728b)  -> (artifact id: '10f73ba1491c65c201025f3a36118c5a') in 0.356606 seconds 
========================================================================
Received Import Request.
  Time since last request: 0.000031 seconds.
  path: Assets/Amazing Assets/Advanced Dissolve/Example Scenes/Tutorial Scenes/Files/Lowpoly_Wasteland_Props/Materials/Boxes.mat
  artifactKey: Guid(8098d354541e25b47b58324d3bcbb985) Importer(815301076,1909f56bfc062723c751e8b465ee728b)
Start importing Assets/Amazing Assets/Advanced Dissolve/Example Scenes/Tutorial Scenes/Files/Lowpoly_Wasteland_Props/Materials/Boxes.mat using Guid(8098d354541e25b47b58324d3bcbb985) Importer(815301076,1909f56bfc062723c751e8b465ee728b)  -> (artifact id: '7be0c05abff70e129d4953e33e3334bb') in 0.101946 seconds 
========================================================================
Received Import Request.
  Time since last request: 0.000048 seconds.
  path: Assets/Amazing Assets/Advanced Dissolve/Example Scenes/Tutorial Scenes/Files/Lowpoly_Wasteland_Props/Materials/Road_signs.mat
  artifactKey: Guid(c754efd000ecb494caaa4ab9c59b3569) Importer(815301076,1909f56bfc062723c751e8b465ee728b)
Start importing Assets/Amazing Assets/Advanced Dissolve/Example Scenes/Tutorial Scenes/Files/Lowpoly_Wasteland_Props/Materials/Road_signs.mat using Guid(c754efd000ecb494caaa4ab9c59b3569) Importer(815301076,1909f56bfc062723c751e8b465ee728b)  -> (artifact id: 'd6a322f47b373c03e03c0c167be56863') in 0.130450 seconds 
========================================================================
Received Import Request.
  Time since last request: 0.000030 seconds.
  path: Assets/Amazing Assets/Advanced Dissolve/Example Scenes/Tutorial Scenes/Files/Lowpoly_Wasteland_Props/Materials/Radio.mat
  artifactKey: Guid(0d55bf7f693bfea44acfe44b4459d1be) Importer(815301076,1909f56bfc062723c751e8b465ee728b)
Start importing Assets/Amazing Assets/Advanced Dissolve/Example Scenes/Tutorial Scenes/Files/Lowpoly_Wasteland_Props/Materials/Radio.mat using Guid(0d55bf7f693bfea44acfe44b4459d1be) Importer(815301076,1909f56bfc062723c751e8b465ee728b)  -> (artifact id: '201a9caf4fa96a00f3dee3133283f2c5') in 0.104443 seconds 
========================================================================
Received Import Request.
  Time since last request: 0.000048 seconds.
  path: Assets/Amazing Assets/Advanced Dissolve/Example Scenes/Tutorial Scenes/Files/Materials/PaintCan_mat.mat
  artifactKey: Guid(816c9cc83b90b6f4ca6554e834b8ee2d) Importer(815301076,1909f56bfc062723c751e8b465ee728b)
Start importing Assets/Amazing Assets/Advanced Dissolve/Example Scenes/Tutorial Scenes/Files/Materials/PaintCan_mat.mat using Guid(816c9cc83b90b6f4ca6554e834b8ee2d) Importer(815301076,1909f56bfc062723c751e8b465ee728b)  -> (artifact id: '7a522e17d08a6d165cb6e9474a4ca181') in 0.303218 seconds 
========================================================================
Received Prepare
Registering precompiled user dll's ...
Registered in 0.029876 seconds.
Begin MonoManager ReloadAssembly
Symbol file LoadedFromMemory doesn't match image G:\RevolutionModel-UnityVR\VR_Nanchang\Library\PackageCache\com.unity.visualscripting@1.8.0\Editor\VisualScripting.Core\Dependencies\DotNetZip\Unity.VisualScripting.IonicZip.dll
Symbol file LoadedFromMemory doesn't match image G:\RevolutionModel-UnityVR\VR_Nanchang\Library\PackageCache\com.unity.visualscripting@1.8.0\Editor\VisualScripting.Core\Dependencies\YamlDotNet\Unity.VisualScripting.YamlDotNet.dll
Native extension for WindowsStandalone target not found
Native extension for Android target not found
Refreshing native plugins compatible for Editor in 2.07 ms, found 12 plugins.
Preloading 0 native plugins for Editor in 0.00 ms.
Mono: successfully reloaded assembly
- Completed reload, in  2.376 seconds
Domain Reload Profiling:
	ReloadAssembly (2377ms)
		BeginReloadAssembly (278ms)
			ExecutionOrderSort (0ms)
			DisableScriptedObjects (42ms)
			BackupInstance (0ms)
			ReleaseScriptingObjects (0ms)
			CreateAndSetChildDomain (80ms)
		EndReloadAssembly (1964ms)
			LoadAssemblies (154ms)
			RebuildTransferFunctionScriptingTraits (0ms)
			SetupTypeCache (484ms)
			ReleaseScriptCaches (2ms)
			RebuildScriptCaches (105ms)
			SetupLoadedEditorAssemblies (1002ms)
				LogAssemblyErrors (0ms)
				InitializePlatformSupportModulesInManaged (24ms)
				SetLoadedEditorAssemblies (1ms)
				RefreshPlugins (2ms)
				BeforeProcessingInitializeOnLoad (185ms)
				ProcessInitializeOnLoadAttributes (729ms)
				ProcessInitializeOnLoadMethodAttributes (44ms)
				AfterProcessingInitializeOnLoad (17ms)
				EditorAssembliesLoaded (0ms)
			ExecutionOrderSort2 (0ms)
			AwakeInstancesAfterBackupRestoration (50ms)
Platform modules already initialized, skipping
Refreshing native plugins compatible for Editor in 8.46 ms, found 12 plugins.
Preloading 0 native plugins for Editor in 0.00 ms.
Unloading 7006 Unused Serialized files (Serialized files now loaded: 0)
Unloading 79 unused Assets / (3.9 MB). Loaded Objects now: 8012.
Memory consumption went from 401.8 MB to 397.9 MB.
Total: 5.788300 ms (FindLiveObjects: 0.589100 ms CreateObjectMapping: 0.547000 ms MarkObjects: 3.889400 ms  DeleteObjects: 0.761900 ms)

AssetImportParameters requested are different than current active one (requested -> active):
  custom:video-decoder-ogg-theora: a1e56fd34408186e4bbccfd4996cb3dc -> 
  custom:container-muxer-webm: aa71ff27fc2769a1b78a27578f13a17b -> 
  custom:container-demuxer-webm: 4f35f7cbe854078d1ac9338744f61a02 -> 
  custom:video-encoder-webm-vp8: eb34c28f22e8b96e1ab97ce403110664 -> 
  custom:audio-encoder-webm-vorbis: bf7c407c2cedff20999df2af8eb42d56 -> 
  custom:framework-win-MediaFoundation: 216162199b28c13a410421893ffa2e32 -> 
  custom:container-demuxer-ogg: 62fdf1f143b41e24485cea50d1cbac27 -> 
  custom:video-decoder-webm-vp8: 9c59270c3fd7afecdb556c50c9e8de78 -> 
  custom:audio-decoder-ogg-vorbis: bf7c407c2cedff20999df2af8eb42d56 -> 
========================================================================
Received Prepare
Registering precompiled user dll's ...
Registered in 0.034473 seconds.
Begin MonoManager ReloadAssembly
Symbol file LoadedFromMemory doesn't match image G:\RevolutionModel-UnityVR\VR_Nanchang\Library\PackageCache\com.unity.visualscripting@1.8.0\Editor\VisualScripting.Core\Dependencies\DotNetZip\Unity.VisualScripting.IonicZip.dll
Symbol file LoadedFromMemory doesn't match image G:\RevolutionModel-UnityVR\VR_Nanchang\Library\PackageCache\com.unity.visualscripting@1.8.0\Editor\VisualScripting.Core\Dependencies\YamlDotNet\Unity.VisualScripting.YamlDotNet.dll
Native extension for WindowsStandalone target not found
Native extension for Android target not found
Refreshing native plugins compatible for Editor in 2.07 ms, found 12 plugins.
Preloading 0 native plugins for Editor in 0.00 ms.
Mono: successfully reloaded assembly
- Completed reload, in  4.577 seconds
Domain Reload Profiling:
	ReloadAssembly (4578ms)
		BeginReloadAssembly (259ms)
			ExecutionOrderSort (0ms)
			DisableScriptedObjects (10ms)
			BackupInstance (0ms)
			ReleaseScriptingObjects (0ms)
			CreateAndSetChildDomain (74ms)
		EndReloadAssembly (4139ms)
			LoadAssemblies (234ms)
			RebuildTransferFunctionScriptingTraits (0ms)
			SetupTypeCache (602ms)
			ReleaseScriptCaches (3ms)
			RebuildScriptCaches (125ms)
			SetupLoadedEditorAssemblies (2646ms)
				LogAssemblyErrors (0ms)
				InitializePlatformSupportModulesInManaged (82ms)
				SetLoadedEditorAssemblies (1ms)
				RefreshPlugins (2ms)
				BeforeProcessingInitializeOnLoad (613ms)
				ProcessInitializeOnLoadAttributes (1850ms)
				ProcessInitializeOnLoadMethodAttributes (71ms)
				AfterProcessingInitializeOnLoad (27ms)
				EditorAssembliesLoaded (0ms)
			ExecutionOrderSort2 (0ms)
			AwakeInstancesAfterBackupRestoration (77ms)
Platform modules already initialized, skipping
Refreshing native plugins compatible for Editor in 10.36 ms, found 12 plugins.
Preloading 0 native plugins for Editor in 0.00 ms.
Unloading 7007 Unused Serialized files (Serialized files now loaded: 0)
Unloading 79 unused Assets / (3.9 MB). Loaded Objects now: 8028.
Memory consumption went from 401.7 MB to 397.8 MB.
Total: 6.036700 ms (FindLiveObjects: 0.584200 ms CreateObjectMapping: 0.575600 ms MarkObjects: 4.044600 ms  DeleteObjects: 0.831100 ms)

AssetImportParameters requested are different than current active one (requested -> active):
  custom:video-decoder-ogg-theora: a1e56fd34408186e4bbccfd4996cb3dc -> 
  custom:container-muxer-webm: aa71ff27fc2769a1b78a27578f13a17b -> 
  custom:container-demuxer-webm: 4f35f7cbe854078d1ac9338744f61a02 -> 
  custom:video-encoder-webm-vp8: eb34c28f22e8b96e1ab97ce403110664 -> 
  custom:audio-encoder-webm-vorbis: bf7c407c2cedff20999df2af8eb42d56 -> 
  custom:framework-win-MediaFoundation: 216162199b28c13a410421893ffa2e32 -> 
  custom:container-demuxer-ogg: 62fdf1f143b41e24485cea50d1cbac27 -> 
  custom:video-decoder-webm-vp8: 9c59270c3fd7afecdb556c50c9e8de78 -> 
  custom:audio-decoder-ogg-vorbis: bf7c407c2cedff20999df2af8eb42d56 -> 
========================================================================
Received Prepare
Registering precompiled user dll's ...
Registered in 0.033387 seconds.
Begin MonoManager ReloadAssembly
Symbol file LoadedFromMemory doesn't match image G:\RevolutionModel-UnityVR\VR_Nanchang\Library\PackageCache\com.unity.visualscripting@1.8.0\Editor\VisualScripting.Core\Dependencies\DotNetZip\Unity.VisualScripting.IonicZip.dll
Symbol file LoadedFromMemory doesn't match image G:\RevolutionModel-UnityVR\VR_Nanchang\Library\PackageCache\com.unity.visualscripting@1.8.0\Editor\VisualScripting.Core\Dependencies\YamlDotNet\Unity.VisualScripting.YamlDotNet.dll
Native extension for WindowsStandalone target not found
Native extension for Android target not found
Refreshing native plugins compatible for Editor in 1.61 ms, found 12 plugins.
Preloading 0 native plugins for Editor in 0.00 ms.
Mono: successfully reloaded assembly
- Completed reload, in  2.458 seconds
Domain Reload Profiling:
	ReloadAssembly (2460ms)
		BeginReloadAssembly (237ms)
			ExecutionOrderSort (0ms)
			DisableScriptedObjects (6ms)
			BackupInstance (0ms)
			ReleaseScriptingObjects (0ms)
			CreateAndSetChildDomain (76ms)
		EndReloadAssembly (2057ms)
			LoadAssemblies (160ms)
			RebuildTransferFunctionScriptingTraits (0ms)
			SetupTypeCache (540ms)
			ReleaseScriptCaches (3ms)
			RebuildScriptCaches (128ms)
			SetupLoadedEditorAssemblies (1009ms)
				LogAssemblyErrors (0ms)
				InitializePlatformSupportModulesInManaged (24ms)
				SetLoadedEditorAssemblies (1ms)
				RefreshPlugins (2ms)
				BeforeProcessingInitializeOnLoad (160ms)
				ProcessInitializeOnLoadAttributes (757ms)
				ProcessInitializeOnLoadMethodAttributes (48ms)
				AfterProcessingInitializeOnLoad (17ms)
				EditorAssembliesLoaded (0ms)
			ExecutionOrderSort2 (0ms)
			AwakeInstancesAfterBackupRestoration (53ms)
Platform modules already initialized, skipping
Refreshing native plugins compatible for Editor in 10.10 ms, found 12 plugins.
Preloading 0 native plugins for Editor in 0.00 ms.
Unloading 7007 Unused Serialized files (Serialized files now loaded: 0)
Unloading 79 unused Assets / (3.9 MB). Loaded Objects now: 8044.
Memory consumption went from 401.8 MB to 397.9 MB.
Total: 5.923100 ms (FindLiveObjects: 0.612800 ms CreateObjectMapping: 0.520300 ms MarkObjects: 3.946900 ms  DeleteObjects: 0.842200 ms)

AssetImportParameters requested are different than current active one (requested -> active):
  custom:video-decoder-ogg-theora: a1e56fd34408186e4bbccfd4996cb3dc -> 
  custom:container-muxer-webm: aa71ff27fc2769a1b78a27578f13a17b -> 
  custom:container-demuxer-webm: 4f35f7cbe854078d1ac9338744f61a02 -> 
  custom:video-encoder-webm-vp8: eb34c28f22e8b96e1ab97ce403110664 -> 
  custom:audio-encoder-webm-vorbis: bf7c407c2cedff20999df2af8eb42d56 -> 
  custom:framework-win-MediaFoundation: 216162199b28c13a410421893ffa2e32 -> 
  custom:container-demuxer-ogg: 62fdf1f143b41e24485cea50d1cbac27 -> 
  custom:video-decoder-webm-vp8: 9c59270c3fd7afecdb556c50c9e8de78 -> 
  custom:audio-decoder-ogg-vorbis: bf7c407c2cedff20999df2af8eb42d56 -> 
========================================================================
Received Prepare
Registering precompiled user dll's ...
Registered in 0.040081 seconds.
Begin MonoManager ReloadAssembly
Symbol file LoadedFromMemory doesn't match image G:\RevolutionModel-UnityVR\VR_Nanchang\Library\PackageCache\com.unity.visualscripting@1.8.0\Editor\VisualScripting.Core\Dependencies\DotNetZip\Unity.VisualScripting.IonicZip.dll
Symbol file LoadedFromMemory doesn't match image G:\RevolutionModel-UnityVR\VR_Nanchang\Library\PackageCache\com.unity.visualscripting@1.8.0\Editor\VisualScripting.Core\Dependencies\YamlDotNet\Unity.VisualScripting.YamlDotNet.dll
Native extension for WindowsStandalone target not found
Native extension for Android target not found
Refreshing native plugins compatible for Editor in 2.58 ms, found 12 plugins.
Preloading 0 native plugins for Editor in 0.00 ms.
Mono: successfully reloaded assembly
- Completed reload, in  2.338 seconds
Domain Reload Profiling:
	ReloadAssembly (2339ms)
		BeginReloadAssembly (249ms)
			ExecutionOrderSort (0ms)
			DisableScriptedObjects (7ms)
			BackupInstance (0ms)
			ReleaseScriptingObjects (0ms)
			CreateAndSetChildDomain (87ms)
		EndReloadAssembly (1955ms)
			LoadAssemblies (169ms)
			RebuildTransferFunctionScriptingTraits (0ms)
			SetupTypeCache (514ms)
			ReleaseScriptCaches (3ms)
			RebuildScriptCaches (114ms)
			SetupLoadedEditorAssemblies (955ms)
				LogAssemblyErrors (0ms)
				InitializePlatformSupportModulesInManaged (27ms)
				SetLoadedEditorAssemblies (1ms)
				RefreshPlugins (3ms)
				BeforeProcessingInitializeOnLoad (155ms)
				ProcessInitializeOnLoadAttributes (715ms)
				ProcessInitializeOnLoadMethodAttributes (39ms)
				AfterProcessingInitializeOnLoad (16ms)
				EditorAssembliesLoaded (0ms)
			ExecutionOrderSort2 (0ms)
			AwakeInstancesAfterBackupRestoration (42ms)
Platform modules already initialized, skipping
Refreshing native plugins compatible for Editor in 8.85 ms, found 12 plugins.
Preloading 0 native plugins for Editor in 0.00 ms.
Unloading 7007 Unused Serialized files (Serialized files now loaded: 0)
Unloading 79 unused Assets / (3.9 MB). Loaded Objects now: 8060.
Memory consumption went from 401.9 MB to 397.9 MB.
Total: 10.317200 ms (FindLiveObjects: 0.863900 ms CreateObjectMapping: 0.949200 ms MarkObjects: 7.539500 ms  DeleteObjects: 0.963500 ms)

AssetImportParameters requested are different than current active one (requested -> active):
  custom:video-decoder-ogg-theora: a1e56fd34408186e4bbccfd4996cb3dc -> 
  custom:container-muxer-webm: aa71ff27fc2769a1b78a27578f13a17b -> 
  custom:container-demuxer-webm: 4f35f7cbe854078d1ac9338744f61a02 -> 
  custom:video-encoder-webm-vp8: eb34c28f22e8b96e1ab97ce403110664 -> 
  custom:audio-encoder-webm-vorbis: bf7c407c2cedff20999df2af8eb42d56 -> 
  custom:framework-win-MediaFoundation: 216162199b28c13a410421893ffa2e32 -> 
  custom:container-demuxer-ogg: 62fdf1f143b41e24485cea50d1cbac27 -> 
  custom:video-decoder-webm-vp8: 9c59270c3fd7afecdb556c50c9e8de78 -> 
  custom:audio-decoder-ogg-vorbis: bf7c407c2cedff20999df2af8eb42d56 -> 
========================================================================
Received Import Request.
  Time since last request: 2129.699856 seconds.
  path: Assets/Script/MoveOpenDoor.cs
  artifactKey: Guid(721dc821f26ddf34792a8df8d31b2f52) Importer(815301076,1909f56bfc062723c751e8b465ee728b)
Start importing Assets/Script/MoveOpenDoor.cs using Guid(721dc821f26ddf34792a8df8d31b2f52) Importer(815301076,1909f56bfc062723c751e8b465ee728b)  -> (artifact id: '0bbb8970b2d5c64943285a2913995c3f') in 0.025364 seconds 
========================================================================
Received Prepare
Registering precompiled user dll's ...
Registered in 0.032958 seconds.
Begin MonoManager ReloadAssembly
Symbol file LoadedFromMemory doesn't match image G:\RevolutionModel-UnityVR\VR_Nanchang\Library\PackageCache\com.unity.visualscripting@1.8.0\Editor\VisualScripting.Core\Dependencies\DotNetZip\Unity.VisualScripting.IonicZip.dll
Symbol file LoadedFromMemory doesn't match image G:\RevolutionModel-UnityVR\VR_Nanchang\Library\PackageCache\com.unity.visualscripting@1.8.0\Editor\VisualScripting.Core\Dependencies\YamlDotNet\Unity.VisualScripting.YamlDotNet.dll
Native extension for WindowsStandalone target not found
Native extension for Android target not found
Refreshing native plugins compatible for Editor in 3.00 ms, found 12 plugins.
Preloading 0 native plugins for Editor in 0.00 ms.
Mono: successfully reloaded assembly
- Completed reload, in  2.757 seconds
Domain Reload Profiling:
	ReloadAssembly (2758ms)
		BeginReloadAssembly (272ms)
			ExecutionOrderSort (0ms)
			DisableScriptedObjects (16ms)
			BackupInstance (0ms)
			ReleaseScriptingObjects (0ms)
			CreateAndSetChildDomain (74ms)
		EndReloadAssembly (2266ms)
			LoadAssemblies (207ms)
			RebuildTransferFunctionScriptingTraits (0ms)
			SetupTypeCache (601ms)
			ReleaseScriptCaches (3ms)
			RebuildScriptCaches (124ms)
			SetupLoadedEditorAssemblies (1097ms)
				LogAssemblyErrors (0ms)
				InitializePlatformSupportModulesInManaged (30ms)
				SetLoadedEditorAssemblies (1ms)
				RefreshPlugins (3ms)
				BeforeProcessingInitializeOnLoad (194ms)
				ProcessInitializeOnLoadAttributes (791ms)
				ProcessInitializeOnLoadMethodAttributes (59ms)
				AfterProcessingInitializeOnLoad (20ms)
				EditorAssembliesLoaded (0ms)
			ExecutionOrderSort2 (0ms)
			AwakeInstancesAfterBackupRestoration (56ms)
Platform modules already initialized, skipping
Refreshing native plugins compatible for Editor in 13.79 ms, found 12 plugins.
Preloading 0 native plugins for Editor in 0.00 ms.
Unloading 7007 Unused Serialized files (Serialized files now loaded: 0)
Unloading 79 unused Assets / (3.9 MB). Loaded Objects now: 8076.
Memory consumption went from 401.9 MB to 398.0 MB.
Total: 10.301200 ms (FindLiveObjects: 0.651100 ms CreateObjectMapping: 0.604400 ms MarkObjects: 8.147900 ms  DeleteObjects: 0.896600 ms)

AssetImportParameters requested are different than current active one (requested -> active):
  custom:video-decoder-ogg-theora: a1e56fd34408186e4bbccfd4996cb3dc -> 
  custom:container-muxer-webm: aa71ff27fc2769a1b78a27578f13a17b -> 
  custom:container-demuxer-webm: 4f35f7cbe854078d1ac9338744f61a02 -> 
  custom:video-encoder-webm-vp8: eb34c28f22e8b96e1ab97ce403110664 -> 
  custom:audio-encoder-webm-vorbis: bf7c407c2cedff20999df2af8eb42d56 -> 
  custom:framework-win-MediaFoundation: 216162199b28c13a410421893ffa2e32 -> 
  custom:container-demuxer-ogg: 62fdf1f143b41e24485cea50d1cbac27 -> 
  custom:video-decoder-webm-vp8: 9c59270c3fd7afecdb556c50c9e8de78 -> 
  custom:audio-decoder-ogg-vorbis: bf7c407c2cedff20999df2af8eb42d56 -> 
========================================================================
Received Prepare
Registering precompiled user dll's ...
Registered in 0.040200 seconds.
Begin MonoManager ReloadAssembly
Symbol file LoadedFromMemory doesn't match image G:\RevolutionModel-UnityVR\VR_Nanchang\Library\PackageCache\com.unity.visualscripting@1.8.0\Editor\VisualScripting.Core\Dependencies\DotNetZip\Unity.VisualScripting.IonicZip.dll
Symbol file LoadedFromMemory doesn't match image G:\RevolutionModel-UnityVR\VR_Nanchang\Library\PackageCache\com.unity.visualscripting@1.8.0\Editor\VisualScripting.Core\Dependencies\YamlDotNet\Unity.VisualScripting.YamlDotNet.dll
Native extension for WindowsStandalone target not found
Native extension for Android target not found
Refreshing native plugins compatible for Editor in 2.63 ms, found 12 plugins.
Preloading 0 native plugins for Editor in 0.00 ms.
Mono: successfully reloaded assembly
- Completed reload, in  3.103 seconds
Domain Reload Profiling:
	ReloadAssembly (3104ms)
		BeginReloadAssembly (371ms)
			ExecutionOrderSort (0ms)
			DisableScriptedObjects (9ms)
			BackupInstance (0ms)
			ReleaseScriptingObjects (0ms)
			CreateAndSetChildDomain (61ms)
		EndReloadAssembly (2540ms)
			LoadAssemblies (311ms)
			RebuildTransferFunctionScriptingTraits (0ms)
			SetupTypeCache (747ms)
			ReleaseScriptCaches (3ms)
			RebuildScriptCaches (105ms)
			SetupLoadedEditorAssemblies (999ms)
				LogAssemblyErrors (0ms)
				InitializePlatformSupportModulesInManaged (31ms)
				SetLoadedEditorAssemblies (1ms)
				RefreshPlugins (3ms)
				BeforeProcessingInitializeOnLoad (158ms)
				ProcessInitializeOnLoadAttributes (747ms)
				ProcessInitializeOnLoadMethodAttributes (40ms)
				AfterProcessingInitializeOnLoad (20ms)
				EditorAssembliesLoaded (0ms)
			ExecutionOrderSort2 (0ms)
			AwakeInstancesAfterBackupRestoration (48ms)
Platform modules already initialized, skipping
Refreshing native plugins compatible for Editor in 11.12 ms, found 12 plugins.
Preloading 0 native plugins for Editor in 0.00 ms.
Unloading 7007 Unused Serialized files (Serialized files now loaded: 0)
Unloading 79 unused Assets / (3.9 MB). Loaded Objects now: 8092.
Memory consumption went from 401.9 MB to 398.0 MB.
Total: 7.348000 ms (FindLiveObjects: 0.738100 ms CreateObjectMapping: 0.691500 ms MarkObjects: 4.749800 ms  DeleteObjects: 1.167300 ms)

AssetImportParameters requested are different than current active one (requested -> active):
  custom:video-decoder-ogg-theora: a1e56fd34408186e4bbccfd4996cb3dc -> 
  custom:container-muxer-webm: aa71ff27fc2769a1b78a27578f13a17b -> 
  custom:container-demuxer-webm: 4f35f7cbe854078d1ac9338744f61a02 -> 
  custom:video-encoder-webm-vp8: eb34c28f22e8b96e1ab97ce403110664 -> 
  custom:audio-encoder-webm-vorbis: bf7c407c2cedff20999df2af8eb42d56 -> 
  custom:framework-win-MediaFoundation: 216162199b28c13a410421893ffa2e32 -> 
  custom:container-demuxer-ogg: 62fdf1f143b41e24485cea50d1cbac27 -> 
  custom:video-decoder-webm-vp8: 9c59270c3fd7afecdb556c50c9e8de78 -> 
  custom:audio-decoder-ogg-vorbis: bf7c407c2cedff20999df2af8eb42d56 -> 
========================================================================
Received Import Request.
  Time since last request: 1012.832534 seconds.
  path: Assets/Script/MoveOpenDoor.cs
  artifactKey: Guid(721dc821f26ddf34792a8df8d31b2f52) Importer(815301076,1909f56bfc062723c751e8b465ee728b)
Start importing Assets/Script/MoveOpenDoor.cs using Guid(721dc821f26ddf34792a8df8d31b2f52) Importer(815301076,1909f56bfc062723c751e8b465ee728b)  -> (artifact id: '1f04fd743cb286d3b472d1b1f6b4b18c') in 0.025612 seconds 
========================================================================
Received Prepare
Registering precompiled user dll's ...
Registered in 0.037283 seconds.
Begin MonoManager ReloadAssembly
Symbol file LoadedFromMemory doesn't match image G:\RevolutionModel-UnityVR\VR_Nanchang\Library\PackageCache\com.unity.visualscripting@1.8.0\Editor\VisualScripting.Core\Dependencies\DotNetZip\Unity.VisualScripting.IonicZip.dll
Symbol file LoadedFromMemory doesn't match image G:\RevolutionModel-UnityVR\VR_Nanchang\Library\PackageCache\com.unity.visualscripting@1.8.0\Editor\VisualScripting.Core\Dependencies\YamlDotNet\Unity.VisualScripting.YamlDotNet.dll
Native extension for WindowsStandalone target not found
Native extension for Android target not found
Refreshing native plugins compatible for Editor in 1.65 ms, found 12 plugins.
Preloading 0 native plugins for Editor in 0.00 ms.
Mono: successfully reloaded assembly
- Completed reload, in  2.375 seconds
Domain Reload Profiling:
	ReloadAssembly (2376ms)
		BeginReloadAssembly (255ms)
			ExecutionOrderSort (0ms)
			DisableScriptedObjects (8ms)
			BackupInstance (0ms)
			ReleaseScriptingObjects (0ms)
			CreateAndSetChildDomain (79ms)
		EndReloadAssembly (1982ms)
			LoadAssemblies (168ms)
			RebuildTransferFunctionScriptingTraits (0ms)
			SetupTypeCache (511ms)
			ReleaseScriptCaches (3ms)
			RebuildScriptCaches (106ms)
			SetupLoadedEditorAssemblies (1008ms)
				LogAssemblyErrors (0ms)
				InitializePlatformSupportModulesInManaged (33ms)
				SetLoadedEditorAssemblies (0ms)
				RefreshPlugins (2ms)
				BeforeProcessingInitializeOnLoad (165ms)
				ProcessInitializeOnLoadAttributes (743ms)
				ProcessInitializeOnLoadMethodAttributes (47ms)
				AfterProcessingInitializeOnLoad (18ms)
				EditorAssembliesLoaded (0ms)
			ExecutionOrderSort2 (0ms)
			AwakeInstancesAfterBackupRestoration (44ms)
Platform modules already initialized, skipping
Refreshing native plugins compatible for Editor in 8.69 ms, found 12 plugins.
Preloading 0 native plugins for Editor in 0.00 ms.
Unloading 7007 Unused Serialized files (Serialized files now loaded: 0)
Unloading 79 unused Assets / (3.9 MB). Loaded Objects now: 8108.
Memory consumption went from 401.9 MB to 398.0 MB.
Total: 8.948900 ms (FindLiveObjects: 0.728800 ms CreateObjectMapping: 0.698000 ms MarkObjects: 6.525200 ms  DeleteObjects: 0.995700 ms)

AssetImportParameters requested are different than current active one (requested -> active):
  custom:video-decoder-ogg-theora: a1e56fd34408186e4bbccfd4996cb3dc -> 
  custom:container-muxer-webm: aa71ff27fc2769a1b78a27578f13a17b -> 
  custom:container-demuxer-webm: 4f35f7cbe854078d1ac9338744f61a02 -> 
  custom:video-encoder-webm-vp8: eb34c28f22e8b96e1ab97ce403110664 -> 
  custom:audio-encoder-webm-vorbis: bf7c407c2cedff20999df2af8eb42d56 -> 
  custom:framework-win-MediaFoundation: 216162199b28c13a410421893ffa2e32 -> 
  custom:container-demuxer-ogg: 62fdf1f143b41e24485cea50d1cbac27 -> 
  custom:video-decoder-webm-vp8: 9c59270c3fd7afecdb556c50c9e8de78 -> 
  custom:audio-decoder-ogg-vorbis: bf7c407c2cedff20999df2af8eb42d56 -> 
========================================================================
Received Prepare
Registering precompiled user dll's ...
Registered in 0.033126 seconds.
Begin MonoManager ReloadAssembly
Symbol file LoadedFromMemory doesn't match image G:\RevolutionModel-UnityVR\VR_Nanchang\Library\PackageCache\com.unity.visualscripting@1.8.0\Editor\VisualScripting.Core\Dependencies\DotNetZip\Unity.VisualScripting.IonicZip.dll
Symbol file LoadedFromMemory doesn't match image G:\RevolutionModel-UnityVR\VR_Nanchang\Library\PackageCache\com.unity.visualscripting@1.8.0\Editor\VisualScripting.Core\Dependencies\YamlDotNet\Unity.VisualScripting.YamlDotNet.dll
Native extension for WindowsStandalone target not found
Native extension for Android target not found
Refreshing native plugins compatible for Editor in 3.06 ms, found 12 plugins.
Preloading 0 native plugins for Editor in 0.00 ms.
Mono: successfully reloaded assembly
- Completed reload, in  2.378 seconds
Domain Reload Profiling:
	ReloadAssembly (2380ms)
		BeginReloadAssembly (281ms)
			ExecutionOrderSort (0ms)
			DisableScriptedObjects (9ms)
			BackupInstance (0ms)
			ReleaseScriptingObjects (0ms)
			CreateAndSetChildDomain (87ms)
		EndReloadAssembly (1938ms)
			LoadAssemblies (184ms)
			RebuildTransferFunctionScriptingTraits (0ms)
			SetupTypeCache (471ms)
			ReleaseScriptCaches (3ms)
			RebuildScriptCaches (113ms)
			SetupLoadedEditorAssemblies (992ms)
				LogAssemblyErrors (0ms)
				InitializePlatformSupportModulesInManaged (24ms)
				SetLoadedEditorAssemblies (1ms)
				RefreshPlugins (3ms)
				BeforeProcessingInitializeOnLoad (153ms)
				ProcessInitializeOnLoadAttributes (754ms)
				ProcessInitializeOnLoadMethodAttributes (39ms)
				AfterProcessingInitializeOnLoad (18ms)
				EditorAssembliesLoaded (0ms)
			ExecutionOrderSort2 (0ms)
			AwakeInstancesAfterBackupRestoration (42ms)
Platform modules already initialized, skipping
Refreshing native plugins compatible for Editor in 10.59 ms, found 12 plugins.
Preloading 0 native plugins for Editor in 0.00 ms.
Unloading 7007 Unused Serialized files (Serialized files now loaded: 0)
Unloading 79 unused Assets / (3.9 MB). Loaded Objects now: 8124.
Memory consumption went from 402.0 MB to 398.0 MB.
Total: 8.213900 ms (FindLiveObjects: 0.886300 ms CreateObjectMapping: 0.912100 ms MarkObjects: 5.556500 ms  DeleteObjects: 0.857600 ms)

AssetImportParameters requested are different than current active one (requested -> active):
  custom:video-decoder-ogg-theora: a1e56fd34408186e4bbccfd4996cb3dc -> 
  custom:container-muxer-webm: aa71ff27fc2769a1b78a27578f13a17b -> 
  custom:container-demuxer-webm: 4f35f7cbe854078d1ac9338744f61a02 -> 
  custom:video-encoder-webm-vp8: eb34c28f22e8b96e1ab97ce403110664 -> 
  custom:audio-encoder-webm-vorbis: bf7c407c2cedff20999df2af8eb42d56 -> 
  custom:framework-win-MediaFoundation: 216162199b28c13a410421893ffa2e32 -> 
  custom:container-demuxer-ogg: 62fdf1f143b41e24485cea50d1cbac27 -> 
  custom:video-decoder-webm-vp8: 9c59270c3fd7afecdb556c50c9e8de78 -> 
  custom:audio-decoder-ogg-vorbis: bf7c407c2cedff20999df2af8eb42d56 -> 
