Using pre-set license
Built from '2021.3/china_unity/release' branch; Version is '2021.3.20f1c1 (7cf0fbd73406) revision 8188155'; Using compiler version '192829333'; Build Type 'Release'
OS: 'Windows 10  (10.0.19045) 64bit Professional' Language: 'zh' Physical Memory: 32649 MB
BatchMode: 1, IsHumanControllingUs: 0, StartBugReporterOnCrash: 0, Is64bit: 1, IsPro: 1

COMMAND LINE ARGUMENTS:
C:\Program Files\Unity\Hub\Editor\2021.3.20f1c1\Editor\Unity.exe
-adb2
-batchMode
-noUpm
-name
AssetImportWorker0
-projectPath
G:/RevolutionModel-UnityVR/VR_Nanchang
-logFile
Logs/AssetImportWorker0.log
-srvPort
50661
Successfully changed project path to: G:/RevolutionModel-UnityVR/VR_Nanchang
G:/RevolutionModel-UnityVR/VR_Nanchang
[UnityMemory] Configuration Parameters - Can be set up in boot.config
    "memorysetup-bucket-allocator-granularity=16"
    "memorysetup-bucket-allocator-bucket-count=8"
    "memorysetup-bucket-allocator-block-size=33554432"
    "memorysetup-bucket-allocator-block-count=8"
    "memorysetup-main-allocator-block-size=16777216"
    "memorysetup-thread-allocator-block-size=16777216"
    "memorysetup-gfx-main-allocator-block-size=16777216"
    "memorysetup-gfx-thread-allocator-block-size=16777216"
    "memorysetup-cache-allocator-block-size=4194304"
    "memorysetup-typetree-allocator-block-size=2097152"
    "memorysetup-profiler-bucket-allocator-granularity=16"
    "memorysetup-profiler-bucket-allocator-bucket-count=8"
    "memorysetup-profiler-bucket-allocator-block-size=33554432"
    "memorysetup-profiler-bucket-allocator-block-count=8"
    "memorysetup-profiler-allocator-block-size=16777216"
    "memorysetup-profiler-editor-allocator-block-size=1048576"
    "memorysetup-temp-allocator-size-main=16777216"
    "memorysetup-job-temp-allocator-block-size=2097152"
    "memorysetup-job-temp-allocator-block-size-background=1048576"
    "memorysetup-job-temp-allocator-reduction-small-platforms=262144"
    "memorysetup-temp-allocator-size-background-worker=32768"
    "memorysetup-temp-allocator-size-job-worker=262144"
    "memorysetup-temp-allocator-size-preload-manager=33554432"
    "memorysetup-temp-allocator-size-nav-mesh-worker=65536"
    "memorysetup-temp-allocator-size-audio-worker=65536"
    "memorysetup-temp-allocator-size-cloud-worker=32768"
    "memorysetup-temp-allocator-size-gi-baking-worker=262144"
    "memorysetup-temp-allocator-size-gfx=262144"
Player connection [21832] Host "[IP] 192.168.50.231 [Port] 0 [Flags] 2 [Guid] 90718655 [EditorId] 90718655 [Version] 1048832 [Id] WindowsEditor(7,NoteBook-MSI) [Debug] 1 [PackageName] WindowsEditor [ProjectName] Editor" joined multi-casting on [225.0.0.222:54997]...

Player connection [21832] Host "[IP] 192.168.50.231 [Port] 0 [Flags] 2 [Guid] 90718655 [EditorId] 90718655 [Version] 1048832 [Id] WindowsEditor(7,NoteBook-MSI) [Debug] 1 [PackageName] WindowsEditor [ProjectName] Editor" joined alternative multi-casting on [225.0.0.222:34997]...

AS: AutoStreaming module initializing.
Refreshing native plugins compatible for Editor in 258.79 ms, found 12 plugins.
Preloading 0 native plugins for Editor in 0.00 ms.
Initialize engine version: 2021.3.20f1c1 (7cf0fbd73406)
[Subsystems] Discovering subsystems at path C:/Program Files/Unity/Hub/Editor/2021.3.20f1c1/Editor/Data/Resources/UnitySubsystems
[Subsystems] Discovering subsystems at path G:/RevolutionModel-UnityVR/VR_Nanchang/Assets
GfxDevice: creating device client; threaded=0; jobified=0
Direct3D:
    Version:  Direct3D 11.0 [level 11.1]
    Renderer: NVIDIA GeForce GTX 1060 (ID=0x1c20)
    Vendor:   NVIDIA
    VRAM:     6044 MB
    Driver:   31.0.15.4601
Initialize mono
Mono path[0] = 'C:/Program Files/Unity/Hub/Editor/2021.3.20f1c1/Editor/Data/Managed'
Mono path[1] = 'C:/Program Files/Unity/Hub/Editor/2021.3.20f1c1/Editor/Data/MonoBleedingEdge/lib/mono/unityjit-win32'
Mono config path = 'C:/Program Files/Unity/Hub/Editor/2021.3.20f1c1/Editor/Data/MonoBleedingEdge/etc'
Using monoOptions --debugger-agent=transport=dt_socket,embedding=1,server=y,suspend=n,address=127.0.0.1:56768
Begin MonoManager ReloadAssembly
Registering precompiled unity dll's ...
Register platform support module: C:/Program Files/Unity/Hub/Editor/2021.3.20f1c1/Editor/Data/PlaybackEngines/AndroidPlayer/UnityEditor.Android.Extensions.dll
Register platform support module: C:/Program Files/Unity/Hub/Editor/2021.3.20f1c1/Editor/Data/PlaybackEngines/WindowsStandaloneSupport/UnityEditor.WindowsStandalone.Extensions.dll
Registered in 0.011950 seconds.
Native extension for WindowsStandalone target not found
Native extension for Android target not found
Android Extension - Scanning For ADB Devices 2330 ms
Refreshing native plugins compatible for Editor in 243.56 ms, found 12 plugins.
Preloading 0 native plugins for Editor in 0.00 ms.
Mono: successfully reloaded assembly
- Completed reload, in  3.376 seconds
Domain Reload Profiling:
	ReloadAssembly (3376ms)
		BeginReloadAssembly (130ms)
			ExecutionOrderSort (0ms)
			DisableScriptedObjects (0ms)
			BackupInstance (0ms)
			ReleaseScriptingObjects (0ms)
			CreateAndSetChildDomain (1ms)
		EndReloadAssembly (3093ms)
			LoadAssemblies (124ms)
			RebuildTransferFunctionScriptingTraits (0ms)
			SetupTypeCache (152ms)
			ReleaseScriptCaches (0ms)
			RebuildScriptCaches (37ms)
			SetupLoadedEditorAssemblies (2822ms)
				LogAssemblyErrors (0ms)
				InitializePlatformSupportModulesInManaged (2411ms)
				SetLoadedEditorAssemblies (0ms)
				RefreshPlugins (244ms)
				BeforeProcessingInitializeOnLoad (3ms)
				ProcessInitializeOnLoadAttributes (109ms)
				ProcessInitializeOnLoadMethodAttributes (55ms)
				AfterProcessingInitializeOnLoad (0ms)
				EditorAssembliesLoaded (0ms)
			ExecutionOrderSort2 (0ms)
			AwakeInstancesAfterBackupRestoration (0ms)
Platform modules already initialized, skipping
Registering precompiled user dll's ...
Registered in 0.037315 seconds.
Begin MonoManager ReloadAssembly
Symbol file LoadedFromMemory doesn't match image G:\RevolutionModel-UnityVR\VR_Nanchang\Library\PackageCache\com.unity.visualscripting@1.8.0\Editor\VisualScripting.Core\Dependencies\DotNetZip\Unity.VisualScripting.IonicZip.dll
Symbol file LoadedFromMemory doesn't match image G:\RevolutionModel-UnityVR\VR_Nanchang\Library\PackageCache\com.unity.visualscripting@1.8.0\Editor\VisualScripting.Core\Dependencies\YamlDotNet\Unity.VisualScripting.YamlDotNet.dll
Native extension for WindowsStandalone target not found
Native extension for Android target not found
Refreshing native plugins compatible for Editor in 245.16 ms, found 12 plugins.
Preloading 0 native plugins for Editor in 0.00 ms.
Package Manager log level set to [2]
Mono: successfully reloaded assembly
- Completed reload, in  2.909 seconds
Domain Reload Profiling:
	ReloadAssembly (2910ms)
		BeginReloadAssembly (171ms)
			ExecutionOrderSort (0ms)
			DisableScriptedObjects (7ms)
			BackupInstance (0ms)
			ReleaseScriptingObjects (0ms)
			CreateAndSetChildDomain (28ms)
		EndReloadAssembly (2569ms)
			LoadAssemblies (173ms)
			RebuildTransferFunctionScriptingTraits (0ms)
			SetupTypeCache (535ms)
			ReleaseScriptCaches (1ms)
			RebuildScriptCaches (154ms)
			SetupLoadedEditorAssemblies (1639ms)
				LogAssemblyErrors (0ms)
				InitializePlatformSupportModulesInManaged (28ms)
				SetLoadedEditorAssemblies (0ms)
				RefreshPlugins (245ms)
				BeforeProcessingInitializeOnLoad (210ms)
				ProcessInitializeOnLoadAttributes (838ms)
				ProcessInitializeOnLoadMethodAttributes (298ms)
				AfterProcessingInitializeOnLoad (19ms)
				EditorAssembliesLoaded (0ms)
			ExecutionOrderSort2 (0ms)
			AwakeInstancesAfterBackupRestoration (11ms)
Platform modules already initialized, skipping
========================================================================
Worker process is ready to serve import requests
Launched and connected shader compiler UnityShaderCompiler.exe after 0.06 seconds
Refreshing native plugins compatible for Editor in 3.18 ms, found 12 plugins.
Preloading 0 native plugins for Editor in 0.00 ms.
Unloading 7389 Unused Serialized files (Serialized files now loaded: 0)
Unloading 101 unused Assets / (3.9 MB). Loaded Objects now: 7851.
Memory consumption went from 422.2 MB to 418.3 MB.
Total: 10.169800 ms (FindLiveObjects: 1.183100 ms CreateObjectMapping: 1.422100 ms MarkObjects: 6.254900 ms  DeleteObjects: 1.307300 ms)

AssetImportParameters requested are different than current active one (requested -> active):
  custom:video-decoder-ogg-theora: a1e56fd34408186e4bbccfd4996cb3dc -> 
  custom:container-muxer-webm: aa71ff27fc2769a1b78a27578f13a17b -> 
  custom:container-demuxer-webm: 4f35f7cbe854078d1ac9338744f61a02 -> 
  custom:video-encoder-webm-vp8: eb34c28f22e8b96e1ab97ce403110664 -> 
  custom:audio-encoder-webm-vorbis: bf7c407c2cedff20999df2af8eb42d56 -> 
  custom:framework-win-MediaFoundation: 216162199b28c13a410421893ffa2e32 -> 
  custom:container-demuxer-ogg: 62fdf1f143b41e24485cea50d1cbac27 -> 
  custom:video-decoder-webm-vp8: 9c59270c3fd7afecdb556c50c9e8de78 -> 
  custom:audio-decoder-ogg-vorbis: bf7c407c2cedff20999df2af8eb42d56 -> 
========================================================================
Received Import Request.
  Time since last request: 2475.607067 seconds.
  path: Assets/SteamVR/InteractionSystem/Samples/Models/Table.prefab
  artifactKey: Guid(f11886bad7ca13742ba0be955318d952) Importer(815301076,1909f56bfc062723c751e8b465ee728b)
Start importing Assets/SteamVR/InteractionSystem/Samples/Models/Table.prefab using Guid(f11886bad7ca13742ba0be955318d952) Importer(815301076,1909f56bfc062723c751e8b465ee728b)  -> (artifact id: '2e0b917025faa82b4256f656cfa3281f') in 2.262849 seconds 
========================================================================
Received Import Request.
  Time since last request: 0.000060 seconds.
  path: Assets/HTC.UnityPlugin/ViveInputUtility/Prefabs/ViveCurvePointers.prefab
  artifactKey: Guid(8c93af22a072961489d61255c39d9659) Importer(815301076,1909f56bfc062723c751e8b465ee728b)
Start importing Assets/HTC.UnityPlugin/ViveInputUtility/Prefabs/ViveCurvePointers.prefab using Guid(8c93af22a072961489d61255c39d9659) Importer(815301076,1909f56bfc062723c751e8b465ee728b)  -> (artifact id: 'ae896047cac05b6953211c50e88f3d14') in 0.153098 seconds 
========================================================================
Received Import Request.
  Time since last request: 0.000074 seconds.
  path: Assets/HTC.UnityPlugin/ViveInputUtility/Prefabs/VivePointers.prefab
  artifactKey: Guid(12ee41758a687f54e98120e486ccd16e) Importer(815301076,1909f56bfc062723c751e8b465ee728b)
Start importing Assets/HTC.UnityPlugin/ViveInputUtility/Prefabs/VivePointers.prefab using Guid(12ee41758a687f54e98120e486ccd16e) Importer(815301076,1909f56bfc062723c751e8b465ee728b)  -> (artifact id: 'ae510ca8a9dc77798d44d873b6b859ea') in 0.059966 seconds 
========================================================================
Received Import Request.
  Time since last request: 0.000030 seconds.
  path: Assets/SteamVR/Models/vr_alien_hand.fbx
  artifactKey: Guid(35bf13fffe3e1b54b9be7cf6d9808f97) Importer(815301076,1909f56bfc062723c751e8b465ee728b)
Start importing Assets/SteamVR/Models/vr_alien_hand.fbx using Guid(35bf13fffe3e1b54b9be7cf6d9808f97) Importer(815301076,1909f56bfc062723c751e8b465ee728b)  -> (artifact id: '6da4a1ad6258abd068d08d8b5d4de529') in 0.716467 seconds 
========================================================================
Received Import Request.
  Time since last request: 0.000032 seconds.
  path: Assets/SteamVR/InteractionSystem/Samples/Models/Wall.prefab
  artifactKey: Guid(4f8a76d2be4d1cb40a9aa32921fcb73c) Importer(815301076,1909f56bfc062723c751e8b465ee728b)
Start importing Assets/SteamVR/InteractionSystem/Samples/Models/Wall.prefab using Guid(4f8a76d2be4d1cb40a9aa32921fcb73c) Importer(815301076,1909f56bfc062723c751e8b465ee728b)  -> (artifact id: '71301fe78d0ed52e828e6033a3977ed4') in 0.092556 seconds 
========================================================================
Received Import Request.
  Time since last request: 0.000074 seconds.
  path: Assets/SteamVR/Prefabs/vr_hand_alien_left.prefab
  artifactKey: Guid(78cacad1b5fb93349a980d2189b52b89) Importer(815301076,1909f56bfc062723c751e8b465ee728b)
Start importing Assets/SteamVR/Prefabs/vr_hand_alien_left.prefab using Guid(78cacad1b5fb93349a980d2189b52b89) Importer(815301076,1909f56bfc062723c751e8b465ee728b)  -> (artifact id: 'f278cea529476831d4a33a0f5fae3c9e') in 0.353006 seconds 
========================================================================
Received Import Request.
  Time since last request: 0.000038 seconds.
  path: Assets/SteamVR/Prefabs/vr_glove_right.prefab
  artifactKey: Guid(5dc81ef5cae96304586abbc6e4b5beb8) Importer(815301076,1909f56bfc062723c751e8b465ee728b)
Start importing Assets/SteamVR/Prefabs/vr_glove_right.prefab using Guid(5dc81ef5cae96304586abbc6e4b5beb8) Importer(815301076,1909f56bfc062723c751e8b465ee728b)  -> (artifact id: 'e9d8f617204839d7847d54243ee99e42') in 0.127143 seconds 
========================================================================
Received Import Request.
  Time since last request: 0.000037 seconds.
  path: Assets/SteamVR/InteractionSystem/Samples/Models/Table_Round.prefab
  artifactKey: Guid(e7af05fa230061c4da07e8ceda602506) Importer(815301076,1909f56bfc062723c751e8b465ee728b)
Start importing Assets/SteamVR/InteractionSystem/Samples/Models/Table_Round.prefab using Guid(e7af05fa230061c4da07e8ceda602506) Importer(815301076,1909f56bfc062723c751e8b465ee728b)  -> (artifact id: '66c4628f0b29428c98eb6ad76eef3c5f') in 0.054498 seconds 
========================================================================
Received Import Request.
  Time since last request: 0.000063 seconds.
  path: Assets/Amazing Assets/Advanced Dissolve/Example Scenes/Tutorial Scenes/Files/Prefabs/Workshop Set.prefab
  artifactKey: Guid(3fe0fd3b82723d5419e89201191a3b9e) Importer(815301076,1909f56bfc062723c751e8b465ee728b)
Start importing Assets/Amazing Assets/Advanced Dissolve/Example Scenes/Tutorial Scenes/Files/Prefabs/Workshop Set.prefab using Guid(3fe0fd3b82723d5419e89201191a3b9e) Importer(815301076,1909f56bfc062723c751e8b465ee728b)  -> (artifact id: 'e59a32d96ba7426f3c539fa8b846b71d') in 1.727733 seconds 
========================================================================
Received Import Request.
  Time since last request: 0.000037 seconds.
  path: Assets/HTC.UnityPlugin/ViveInputUtility/Prefabs/ViveRig.prefab
  artifactKey: Guid(cbfd31aaac017204885fcc03f0579a1a) Importer(815301076,1909f56bfc062723c751e8b465ee728b)
Start importing Assets/HTC.UnityPlugin/ViveInputUtility/Prefabs/ViveRig.prefab using Guid(cbfd31aaac017204885fcc03f0579a1a) Importer(815301076,1909f56bfc062723c751e8b465ee728b)  -> (artifact id: '96abea9c25aabec87c09132e506a28ad') in 0.141927 seconds 
========================================================================
Received Import Request.
  Time since last request: 0.000073 seconds.
  path: Assets/SteamVR/Prefabs/vr_hand_alien_right.prefab
  artifactKey: Guid(a2330dd3e2bcb44428f727270af1d625) Importer(815301076,1909f56bfc062723c751e8b465ee728b)
Start importing Assets/SteamVR/Prefabs/vr_hand_alien_right.prefab using Guid(a2330dd3e2bcb44428f727270af1d625) Importer(815301076,1909f56bfc062723c751e8b465ee728b)  -> (artifact id: '1c925107dd3d7529c3e0d6cb298a2796') in 0.122249 seconds 
========================================================================
Received Import Request.
  Time since last request: 0.000036 seconds.
  path: Assets/Amazing Assets/Advanced Dissolve/Example Scenes/Tutorial Scenes/Files/A_piece_of_nature/Prefab/Nature.prefab
  artifactKey: Guid(7bc69fbea058a0743a86d3eaa6e395fa) Importer(815301076,1909f56bfc062723c751e8b465ee728b)
Start importing Assets/Amazing Assets/Advanced Dissolve/Example Scenes/Tutorial Scenes/Files/A_piece_of_nature/Prefab/Nature.prefab using Guid(7bc69fbea058a0743a86d3eaa6e395fa) Importer(815301076,1909f56bfc062723c751e8b465ee728b)  -> (artifact id: 'acad34d5609f268026c4427f55262792') in 2.117374 seconds 
========================================================================
Received Import Request.
  Time since last request: 0.000034 seconds.
  path: Assets/SteamVR/InteractionSystem/Samples/Models/Table_Small.prefab
  artifactKey: Guid(390115dc286a84d4b82719333a0ff570) Importer(815301076,1909f56bfc062723c751e8b465ee728b)
Start importing Assets/SteamVR/InteractionSystem/Samples/Models/Table_Small.prefab using Guid(390115dc286a84d4b82719333a0ff570) Importer(815301076,1909f56bfc062723c751e8b465ee728b)  -> (artifact id: '5de4f624af7ee5950461164cf1835209') in 0.065475 seconds 
========================================================================
Received Import Request.
  Time since last request: 0.000038 seconds.
  path: Assets/HTC.UnityPlugin/ViveInputUtility/Prefabs/HandPointers.prefab
  artifactKey: Guid(845f9b7d3c10cdc4d94362d2aa174b9f) Importer(815301076,1909f56bfc062723c751e8b465ee728b)
Start importing Assets/HTC.UnityPlugin/ViveInputUtility/Prefabs/HandPointers.prefab using Guid(845f9b7d3c10cdc4d94362d2aa174b9f) Importer(815301076,1909f56bfc062723c751e8b465ee728b)  -> (artifact id: 'f44c4e21716d04a1ac9134d44a36ab99') in 0.072757 seconds 
========================================================================
Received Import Request.
  Time since last request: 80.706429 seconds.
  path: Assets/Amazing Assets/Advanced Dissolve/Example Scenes/Tutorial Scenes/Files/Materials/ConstructionLight_Mat.mat
  artifactKey: Guid(8e8cd10bebd1a3f4185826c2996a4613) Importer(815301076,1909f56bfc062723c751e8b465ee728b)
Start importing Assets/Amazing Assets/Advanced Dissolve/Example Scenes/Tutorial Scenes/Files/Materials/ConstructionLight_Mat.mat using Guid(8e8cd10bebd1a3f4185826c2996a4613) Importer(815301076,1909f56bfc062723c751e8b465ee728b)  -> (artifact id: 'cdf58df6316dd1112608a27676346c0c') in 0.055843 seconds 
========================================================================
Received Import Request.
  Time since last request: 0.000036 seconds.
  path: Assets/Amazing Assets/Advanced Dissolve/Example Scenes/Tutorial Scenes/Files/Materials/Plastic_Black_Mat.mat
  artifactKey: Guid(261e4e45d5216be40ae9fd434f78ec33) Importer(815301076,1909f56bfc062723c751e8b465ee728b)
Start importing Assets/Amazing Assets/Advanced Dissolve/Example Scenes/Tutorial Scenes/Files/Materials/Plastic_Black_Mat.mat using Guid(261e4e45d5216be40ae9fd434f78ec33) Importer(815301076,1909f56bfc062723c751e8b465ee728b)  -> (artifact id: 'edf601e2cb1aa94e3615bb0a7f1e20f1') in 0.035156 seconds 
========================================================================
Received Import Request.
  Time since last request: 0.000035 seconds.
  path: Assets/Amazing Assets/Advanced Dissolve/Example Scenes/Tutorial Scenes/Files/Materials/Plastic_Gray_Mat.mat
  artifactKey: Guid(2e15273cadc93454eb508a08a5b07d0b) Importer(815301076,1909f56bfc062723c751e8b465ee728b)
Start importing Assets/Amazing Assets/Advanced Dissolve/Example Scenes/Tutorial Scenes/Files/Materials/Plastic_Gray_Mat.mat using Guid(2e15273cadc93454eb508a08a5b07d0b) Importer(815301076,1909f56bfc062723c751e8b465ee728b)  -> (artifact id: 'cf66b379acf402498e392935e9f1a74f') in 0.030659 seconds 
========================================================================
Received Import Request.
  Time since last request: 0.000048 seconds.
  path: Assets/Amazing Assets/Advanced Dissolve/Example Scenes/Tutorial Scenes/Files/Materials/LightBulb_Mat.mat
  artifactKey: Guid(dd0601fea24a21b448b1692cd4549108) Importer(815301076,1909f56bfc062723c751e8b465ee728b)
Start importing Assets/Amazing Assets/Advanced Dissolve/Example Scenes/Tutorial Scenes/Files/Materials/LightBulb_Mat.mat using Guid(dd0601fea24a21b448b1692cd4549108) Importer(815301076,1909f56bfc062723c751e8b465ee728b)  -> (artifact id: '2c66a23efafa7d15196402eae8932783') in 0.034621 seconds 
========================================================================
Received Import Request.
  Time since last request: 0.000029 seconds.
  path: Assets/Amazing Assets/Advanced Dissolve/Example Scenes/Tutorial Scenes/Files/Materials/PaintBrush_Mat.mat
  artifactKey: Guid(a68502fc46565224982eb434ba401358) Importer(815301076,1909f56bfc062723c751e8b465ee728b)
Start importing Assets/Amazing Assets/Advanced Dissolve/Example Scenes/Tutorial Scenes/Files/Materials/PaintBrush_Mat.mat using Guid(a68502fc46565224982eb434ba401358) Importer(815301076,1909f56bfc062723c751e8b465ee728b)  -> (artifact id: '43e6674c37ab866caec7a09bea0aee2c') in 0.026758 seconds 
========================================================================
Received Import Request.
  Time since last request: 0.000030 seconds.
  path: Assets/Amazing Assets/Advanced Dissolve/Example Scenes/Tutorial Scenes/Files/Materials/Metal_Simple_Mat.mat
  artifactKey: Guid(86d1ef8bd5f792240b27e9a01007892e) Importer(815301076,1909f56bfc062723c751e8b465ee728b)
Start importing Assets/Amazing Assets/Advanced Dissolve/Example Scenes/Tutorial Scenes/Files/Materials/Metal_Simple_Mat.mat using Guid(86d1ef8bd5f792240b27e9a01007892e) Importer(815301076,1909f56bfc062723c751e8b465ee728b)  -> (artifact id: 'e0701bb8ae54dfdce8cbaf9f58e529b7') in 0.027650 seconds 
========================================================================
Received Import Request.
  Time since last request: 0.000031 seconds.
  path: Assets/Amazing Assets/Advanced Dissolve/Example Scenes/Tutorial Scenes/Files/Materials/Plastic_Rough_Mat.mat
  artifactKey: Guid(f10f6c516d96af044a26741209b365ff) Importer(815301076,1909f56bfc062723c751e8b465ee728b)
Start importing Assets/Amazing Assets/Advanced Dissolve/Example Scenes/Tutorial Scenes/Files/Materials/Plastic_Rough_Mat.mat using Guid(f10f6c516d96af044a26741209b365ff) Importer(815301076,1909f56bfc062723c751e8b465ee728b)  -> (artifact id: '1e47eb32b153ff8b399dc94ef6572f6e') in 0.036943 seconds 
========================================================================
Received Import Request.
  Time since last request: 0.000033 seconds.
  path: Assets/Amazing Assets/Advanced Dissolve/Example Scenes/Tutorial Scenes/Files/Materials/Plastic_Transparent.mat
  artifactKey: Guid(314714d856b527343a4e8b31680a42a6) Importer(815301076,1909f56bfc062723c751e8b465ee728b)
Start importing Assets/Amazing Assets/Advanced Dissolve/Example Scenes/Tutorial Scenes/Files/Materials/Plastic_Transparent.mat using Guid(314714d856b527343a4e8b31680a42a6) Importer(815301076,1909f56bfc062723c751e8b465ee728b)  -> (artifact id: '500d025f8e04130377d694308efe96bb') in 0.026441 seconds 
========================================================================
Received Import Request.
  Time since last request: 0.000033 seconds.
  path: Assets/Amazing Assets/Advanced Dissolve/Example Scenes/Tutorial Scenes/Files/Materials/Ground_Mat.mat
  artifactKey: Guid(d0e56165cd814844fa95d5362d326b02) Importer(815301076,1909f56bfc062723c751e8b465ee728b)
Start importing Assets/Amazing Assets/Advanced Dissolve/Example Scenes/Tutorial Scenes/Files/Materials/Ground_Mat.mat using Guid(d0e56165cd814844fa95d5362d326b02) Importer(815301076,1909f56bfc062723c751e8b465ee728b)  -> (artifact id: 'df2e33657f54a2a19ae67648eeecc09d') in 0.036975 seconds 
========================================================================
Received Import Request.
  Time since last request: 0.000083 seconds.
  path: Assets/Amazing Assets/Advanced Dissolve/Example Scenes/Tutorial Scenes/Files/Materials/Stud_Mat.mat
  artifactKey: Guid(fe7d3edee800054419908f3ecc2b58cb) Importer(815301076,1909f56bfc062723c751e8b465ee728b)
Start importing Assets/Amazing Assets/Advanced Dissolve/Example Scenes/Tutorial Scenes/Files/Materials/Stud_Mat.mat using Guid(fe7d3edee800054419908f3ecc2b58cb) Importer(815301076,1909f56bfc062723c751e8b465ee728b)  -> (artifact id: '34a4a85c14614e2457ebb36b31246aad') in 0.029520 seconds 
========================================================================
Received Import Request.
  Time since last request: 0.000040 seconds.
  path: Assets/Amazing Assets/Advanced Dissolve/Example Scenes/Tutorial Scenes/Files/Materials/OBS_Mat.mat
  artifactKey: Guid(334cd976dbf25584c824ba1dd913d3e9) Importer(815301076,1909f56bfc062723c751e8b465ee728b)
Start importing Assets/Amazing Assets/Advanced Dissolve/Example Scenes/Tutorial Scenes/Files/Materials/OBS_Mat.mat using Guid(334cd976dbf25584c824ba1dd913d3e9) Importer(815301076,1909f56bfc062723c751e8b465ee728b)  -> (artifact id: 'dad93542b776f6dfbebd88cc7a2077c0') in 0.026447 seconds 
========================================================================
Received Import Request.
  Time since last request: 0.000032 seconds.
  path: Assets/Amazing Assets/Advanced Dissolve/Example Scenes/Tutorial Scenes/Files/Materials/Jigsaw_Mat.mat
  artifactKey: Guid(707fd372e93e04d4d9a90a018d105f1e) Importer(815301076,1909f56bfc062723c751e8b465ee728b)
Start importing Assets/Amazing Assets/Advanced Dissolve/Example Scenes/Tutorial Scenes/Files/Materials/Jigsaw_Mat.mat using Guid(707fd372e93e04d4d9a90a018d105f1e) Importer(815301076,1909f56bfc062723c751e8b465ee728b)  -> (artifact id: '91ca55af9cb27db84733b2309735d957') in 0.026982 seconds 
========================================================================
Received Import Request.
  Time since last request: 1.083483 seconds.
  path: Assets/Amazing Assets/Advanced Dissolve/Example Scenes/Tutorial Scenes/Files/Textures/Wood/OBS_Albedo.tif
  artifactKey: Guid(8a2ddf3f280d518458218650527c9f4c) Importer(815301076,1909f56bfc062723c751e8b465ee728b)
Start importing Assets/Amazing Assets/Advanced Dissolve/Example Scenes/Tutorial Scenes/Files/Textures/Wood/OBS_Albedo.tif using Guid(8a2ddf3f280d518458218650527c9f4c) Importer(815301076,1909f56bfc062723c751e8b465ee728b)  -> (artifact id: '91d3233396547be54203e477310920b8') in 0.134092 seconds 
========================================================================
Received Import Request.
  Time since last request: 0.000036 seconds.
  path: Assets/Amazing Assets/Advanced Dissolve/Example Scenes/Tutorial Scenes/Files/Textures/Wood/OBS_Normal.tif
  artifactKey: Guid(b04ec09ac83f5e14eba1bf2123d75eeb) Importer(815301076,1909f56bfc062723c751e8b465ee728b)
Start importing Assets/Amazing Assets/Advanced Dissolve/Example Scenes/Tutorial Scenes/Files/Textures/Wood/OBS_Normal.tif using Guid(b04ec09ac83f5e14eba1bf2123d75eeb) Importer(815301076,1909f56bfc062723c751e8b465ee728b)  -> (artifact id: '514c467b6f80e7a3e9415b60c88a6168') in 0.070167 seconds 
========================================================================
Received Import Request.
  Time since last request: 28.920622 seconds.
  path: Assets/Amazing Assets/Advanced Dissolve/Example Scenes/Tutorial Scenes/Files/Textures/Drywall/Drywall_Albedo.tif
  artifactKey: Guid(936c3886ed6ca5049bc555df984699b5) Importer(815301076,1909f56bfc062723c751e8b465ee728b)
Start importing Assets/Amazing Assets/Advanced Dissolve/Example Scenes/Tutorial Scenes/Files/Textures/Drywall/Drywall_Albedo.tif using Guid(936c3886ed6ca5049bc555df984699b5) Importer(815301076,1909f56bfc062723c751e8b465ee728b)  -> (artifact id: '7e33528c8b5fc5c0617668a976a662b0') in 0.072900 seconds 
========================================================================
Received Import Request.
  Time since last request: 0.000038 seconds.
  path: Assets/Amazing Assets/Advanced Dissolve/Example Scenes/Tutorial Scenes/Files/Textures/Drywall/Drywall_Normal.tif
  artifactKey: Guid(36882cf1e733e7040a1dbc8b5374dca5) Importer(815301076,1909f56bfc062723c751e8b465ee728b)
Start importing Assets/Amazing Assets/Advanced Dissolve/Example Scenes/Tutorial Scenes/Files/Textures/Drywall/Drywall_Normal.tif using Guid(36882cf1e733e7040a1dbc8b5374dca5) Importer(815301076,1909f56bfc062723c751e8b465ee728b)  -> (artifact id: '06e3fa3b147d18c57571f619f5d54672') in 0.067510 seconds 
========================================================================
Received Import Request.
  Time since last request: 8.612688 seconds.
  path: Assets/Amazing Assets/Advanced Dissolve/Example Scenes/Tutorial Scenes/Files/Textures/Props/Construction_Light/ConstructionLight_Albedo.tif
  artifactKey: Guid(ba5e5ec679b550648851b2e3072cd5a9) Importer(815301076,1909f56bfc062723c751e8b465ee728b)
Start importing Assets/Amazing Assets/Advanced Dissolve/Example Scenes/Tutorial Scenes/Files/Textures/Props/Construction_Light/ConstructionLight_Albedo.tif using Guid(ba5e5ec679b550648851b2e3072cd5a9) Importer(815301076,1909f56bfc062723c751e8b465ee728b)  -> (artifact id: '24842cfb4000fe84dacc1d2b1b57926b') in 0.068809 seconds 
========================================================================
Received Import Request.
  Time since last request: 7.420829 seconds.
  path: Assets/Amazing Assets/Advanced Dissolve/Example Scenes/Tutorial Scenes/Files/Textures/Drywall/DrywallPainted_Albedo.tif
  artifactKey: Guid(1cf3d3bac13056343a8ab8d355ad3cfb) Importer(815301076,1909f56bfc062723c751e8b465ee728b)
Start importing Assets/Amazing Assets/Advanced Dissolve/Example Scenes/Tutorial Scenes/Files/Textures/Drywall/DrywallPainted_Albedo.tif using Guid(1cf3d3bac13056343a8ab8d355ad3cfb) Importer(815301076,1909f56bfc062723c751e8b465ee728b)  -> (artifact id: 'a68931410cb47bb16bdc0251225d43d5') in 0.097605 seconds 
========================================================================
Received Import Request.
  Time since last request: 12.644221 seconds.
  path: Assets/Amazing Assets/Advanced Dissolve/Example Scenes/Tutorial Scenes/Files/Textures/Wood/Plywood_Albedo.tif
  artifactKey: Guid(eb4f6a265bea5964b843091eda916f48) Importer(815301076,1909f56bfc062723c751e8b465ee728b)
Start importing Assets/Amazing Assets/Advanced Dissolve/Example Scenes/Tutorial Scenes/Files/Textures/Wood/Plywood_Albedo.tif using Guid(eb4f6a265bea5964b843091eda916f48) Importer(815301076,1909f56bfc062723c751e8b465ee728b)  -> (artifact id: 'e772d701783539e912c1084316bb251e') in 0.152206 seconds 
========================================================================
Received Import Request.
  Time since last request: 0.000055 seconds.
  path: Assets/Amazing Assets/Advanced Dissolve/Example Scenes/Tutorial Scenes/Files/Textures/Wood/Plywood_Normal.tif
  artifactKey: Guid(2b450fd6da72c32479faa0fea8e60e45) Importer(815301076,1909f56bfc062723c751e8b465ee728b)
Start importing Assets/Amazing Assets/Advanced Dissolve/Example Scenes/Tutorial Scenes/Files/Textures/Wood/Plywood_Normal.tif using Guid(2b450fd6da72c32479faa0fea8e60e45) Importer(815301076,1909f56bfc062723c751e8b465ee728b)  -> (artifact id: 'f12c215c6e60ce90a5270ca6a23a4791') in 0.072209 seconds 
========================================================================
Received Import Request.
  Time since last request: 276.344936 seconds.
  path: Assets/Amazing Assets/Advanced Dissolve/Example Scenes/Tutorial Scenes/Files/Materials/ConstructionLight_Mat.mat
  artifactKey: Guid(8e8cd10bebd1a3f4185826c2996a4613) Importer(815301076,1909f56bfc062723c751e8b465ee728b)
Start importing Assets/Amazing Assets/Advanced Dissolve/Example Scenes/Tutorial Scenes/Files/Materials/ConstructionLight_Mat.mat using Guid(8e8cd10bebd1a3f4185826c2996a4613) Importer(815301076,1909f56bfc062723c751e8b465ee728b)  -> (artifact id: '9d95f954cabe79dcdcb3c6d267e0c911') in 1.259824 seconds 
========================================================================
Received Import Request.
  Time since last request: 0.000055 seconds.
  path: Assets/Amazing Assets/Advanced Dissolve/Example Scenes/Tutorial Scenes/Files/Materials/Ground_Mat.mat
  artifactKey: Guid(d0e56165cd814844fa95d5362d326b02) Importer(815301076,1909f56bfc062723c751e8b465ee728b)
Start importing Assets/Amazing Assets/Advanced Dissolve/Example Scenes/Tutorial Scenes/Files/Materials/Ground_Mat.mat using Guid(d0e56165cd814844fa95d5362d326b02) Importer(815301076,1909f56bfc062723c751e8b465ee728b)  -> (artifact id: '29a32b0406a2bcd9f140cad98c205d84') in 0.022833 seconds 
========================================================================
Received Import Request.
  Time since last request: 0.000061 seconds.
  path: Assets/Amazing Assets/Advanced Dissolve/Example Scenes/Tutorial Scenes/Files/Materials/OBS_Mat.mat
  artifactKey: Guid(334cd976dbf25584c824ba1dd913d3e9) Importer(815301076,1909f56bfc062723c751e8b465ee728b)
Start importing Assets/Amazing Assets/Advanced Dissolve/Example Scenes/Tutorial Scenes/Files/Materials/OBS_Mat.mat using Guid(334cd976dbf25584c824ba1dd913d3e9) Importer(815301076,1909f56bfc062723c751e8b465ee728b)  -> (artifact id: '00f66a1e52104a642a3ab7c93db3c57a') in 0.021499 seconds 
========================================================================
Received Import Request.
  Time since last request: 5.914444 seconds.
  path: Assets/Script/MoveOpenDoor.cs
  artifactKey: Guid(721dc821f26ddf34792a8df8d31b2f52) Importer(815301076,1909f56bfc062723c751e8b465ee728b)
Start importing Assets/Script/MoveOpenDoor.cs using Guid(721dc821f26ddf34792a8df8d31b2f52) Importer(815301076,1909f56bfc062723c751e8b465ee728b)  -> (artifact id: '87ef796e3516263b2ec4142b082d3962') in 0.041200 seconds 
========================================================================
Received Import Request.
  Time since last request: 0.319740 seconds.
  path: Assets/Script/MenuBar.cs
  artifactKey: Guid(3e3fc47354ee6b8449038d696e9d22b6) Importer(815301076,1909f56bfc062723c751e8b465ee728b)
Start importing Assets/Script/MenuBar.cs using Guid(3e3fc47354ee6b8449038d696e9d22b6) Importer(815301076,1909f56bfc062723c751e8b465ee728b)  -> (artifact id: 'b25907816b4feb55e4fa6b6a5086e732') in 0.015927 seconds 
========================================================================
Received Prepare
Registering precompiled user dll's ...
Registered in 0.036596 seconds.
Begin MonoManager ReloadAssembly
Symbol file LoadedFromMemory doesn't match image G:\RevolutionModel-UnityVR\VR_Nanchang\Library\PackageCache\com.unity.visualscripting@1.8.0\Editor\VisualScripting.Core\Dependencies\DotNetZip\Unity.VisualScripting.IonicZip.dll
Symbol file LoadedFromMemory doesn't match image G:\RevolutionModel-UnityVR\VR_Nanchang\Library\PackageCache\com.unity.visualscripting@1.8.0\Editor\VisualScripting.Core\Dependencies\YamlDotNet\Unity.VisualScripting.YamlDotNet.dll
Native extension for WindowsStandalone target not found
Native extension for Android target not found
Refreshing native plugins compatible for Editor in 2.89 ms, found 12 plugins.
Preloading 0 native plugins for Editor in 0.00 ms.
Mono: successfully reloaded assembly
- Completed reload, in  2.642 seconds
Domain Reload Profiling:
	ReloadAssembly (2643ms)
		BeginReloadAssembly (326ms)
			ExecutionOrderSort (0ms)
			DisableScriptedObjects (47ms)
			BackupInstance (0ms)
			ReleaseScriptingObjects (0ms)
			CreateAndSetChildDomain (107ms)
		EndReloadAssembly (2154ms)
			LoadAssemblies (163ms)
			RebuildTransferFunctionScriptingTraits (0ms)
			SetupTypeCache (553ms)
			ReleaseScriptCaches (3ms)
			RebuildScriptCaches (108ms)
			SetupLoadedEditorAssemblies (1116ms)
				LogAssemblyErrors (0ms)
				InitializePlatformSupportModulesInManaged (29ms)
				SetLoadedEditorAssemblies (1ms)
				RefreshPlugins (3ms)
				BeforeProcessingInitializeOnLoad (188ms)
				ProcessInitializeOnLoadAttributes (833ms)
				ProcessInitializeOnLoadMethodAttributes (45ms)
				AfterProcessingInitializeOnLoad (18ms)
				EditorAssembliesLoaded (0ms)
			ExecutionOrderSort2 (0ms)
			AwakeInstancesAfterBackupRestoration (48ms)
Platform modules already initialized, skipping
Refreshing native plugins compatible for Editor in 11.15 ms, found 12 plugins.
Preloading 0 native plugins for Editor in 0.00 ms.
Unloading 7007 Unused Serialized files (Serialized files now loaded: 0)
Unloading 79 unused Assets / (3.9 MB). Loaded Objects now: 8029.
Memory consumption went from 420.4 MB to 416.5 MB.
Total: 6.473000 ms (FindLiveObjects: 0.926500 ms CreateObjectMapping: 0.660700 ms MarkObjects: 4.066500 ms  DeleteObjects: 0.818400 ms)

AssetImportParameters requested are different than current active one (requested -> active):
  custom:video-decoder-ogg-theora: a1e56fd34408186e4bbccfd4996cb3dc -> 
  custom:container-muxer-webm: aa71ff27fc2769a1b78a27578f13a17b -> 
  custom:container-demuxer-webm: 4f35f7cbe854078d1ac9338744f61a02 -> 
  custom:video-encoder-webm-vp8: eb34c28f22e8b96e1ab97ce403110664 -> 
  custom:audio-encoder-webm-vorbis: bf7c407c2cedff20999df2af8eb42d56 -> 
  custom:framework-win-MediaFoundation: 216162199b28c13a410421893ffa2e32 -> 
  custom:container-demuxer-ogg: 62fdf1f143b41e24485cea50d1cbac27 -> 
  custom:video-decoder-webm-vp8: 9c59270c3fd7afecdb556c50c9e8de78 -> 
  custom:audio-decoder-ogg-vorbis: bf7c407c2cedff20999df2af8eb42d56 -> 
========================================================================
Received Prepare
Registering precompiled user dll's ...
Registered in 0.036251 seconds.
Begin MonoManager ReloadAssembly
Symbol file LoadedFromMemory doesn't match image G:\RevolutionModel-UnityVR\VR_Nanchang\Library\PackageCache\com.unity.visualscripting@1.8.0\Editor\VisualScripting.Core\Dependencies\DotNetZip\Unity.VisualScripting.IonicZip.dll
Symbol file LoadedFromMemory doesn't match image G:\RevolutionModel-UnityVR\VR_Nanchang\Library\PackageCache\com.unity.visualscripting@1.8.0\Editor\VisualScripting.Core\Dependencies\YamlDotNet\Unity.VisualScripting.YamlDotNet.dll
Native extension for WindowsStandalone target not found
Native extension for Android target not found
Refreshing native plugins compatible for Editor in 1.62 ms, found 12 plugins.
Preloading 0 native plugins for Editor in 0.00 ms.
Mono: successfully reloaded assembly
- Completed reload, in  2.384 seconds
Domain Reload Profiling:
	ReloadAssembly (2385ms)
		BeginReloadAssembly (253ms)
			ExecutionOrderSort (0ms)
			DisableScriptedObjects (9ms)
			BackupInstance (0ms)
			ReleaseScriptingObjects (0ms)
			CreateAndSetChildDomain (74ms)
		EndReloadAssembly (1990ms)
			LoadAssemblies (186ms)
			RebuildTransferFunctionScriptingTraits (0ms)
			SetupTypeCache (515ms)
			ReleaseScriptCaches (3ms)
			RebuildScriptCaches (111ms)
			SetupLoadedEditorAssemblies (987ms)
				LogAssemblyErrors (0ms)
				InitializePlatformSupportModulesInManaged (27ms)
				SetLoadedEditorAssemblies (1ms)
				RefreshPlugins (2ms)
				BeforeProcessingInitializeOnLoad (165ms)
				ProcessInitializeOnLoadAttributes (734ms)
				ProcessInitializeOnLoadMethodAttributes (40ms)
				AfterProcessingInitializeOnLoad (18ms)
				EditorAssembliesLoaded (1ms)
			ExecutionOrderSort2 (0ms)
			AwakeInstancesAfterBackupRestoration (43ms)
Platform modules already initialized, skipping
Refreshing native plugins compatible for Editor in 9.52 ms, found 12 plugins.
Preloading 0 native plugins for Editor in 0.00 ms.
Unloading 7008 Unused Serialized files (Serialized files now loaded: 0)
Unloading 79 unused Assets / (3.9 MB). Loaded Objects now: 8045.
Memory consumption went from 420.4 MB to 416.5 MB.
Total: 6.656200 ms (FindLiveObjects: 0.601700 ms CreateObjectMapping: 0.595500 ms MarkObjects: 4.378700 ms  DeleteObjects: 1.079000 ms)

AssetImportParameters requested are different than current active one (requested -> active):
  custom:video-decoder-ogg-theora: a1e56fd34408186e4bbccfd4996cb3dc -> 
  custom:container-muxer-webm: aa71ff27fc2769a1b78a27578f13a17b -> 
  custom:container-demuxer-webm: 4f35f7cbe854078d1ac9338744f61a02 -> 
  custom:video-encoder-webm-vp8: eb34c28f22e8b96e1ab97ce403110664 -> 
  custom:audio-encoder-webm-vorbis: bf7c407c2cedff20999df2af8eb42d56 -> 
  custom:framework-win-MediaFoundation: 216162199b28c13a410421893ffa2e32 -> 
  custom:container-demuxer-ogg: 62fdf1f143b41e24485cea50d1cbac27 -> 
  custom:video-decoder-webm-vp8: 9c59270c3fd7afecdb556c50c9e8de78 -> 
  custom:audio-decoder-ogg-vorbis: bf7c407c2cedff20999df2af8eb42d56 -> 
========================================================================
Received Import Request.
  Time since last request: 761.593870 seconds.
  path: Assets/HTC.UnityPlugin/ViveInputUtility/Scripts/Misc/ReticlePoser.cs
  artifactKey: Guid(56d295652c296b049959c933d5db7951) Importer(815301076,1909f56bfc062723c751e8b465ee728b)
Start importing Assets/HTC.UnityPlugin/ViveInputUtility/Scripts/Misc/ReticlePoser.cs using Guid(56d295652c296b049959c933d5db7951) Importer(815301076,1909f56bfc062723c751e8b465ee728b)  -> (artifact id: '0d7ef69129db7897143a08bd57337e1d') in 0.023528 seconds 
========================================================================
Received Prepare
Registering precompiled user dll's ...
Registered in 0.032704 seconds.
Begin MonoManager ReloadAssembly
Symbol file LoadedFromMemory doesn't match image G:\RevolutionModel-UnityVR\VR_Nanchang\Library\PackageCache\com.unity.visualscripting@1.8.0\Editor\VisualScripting.Core\Dependencies\DotNetZip\Unity.VisualScripting.IonicZip.dll
Symbol file LoadedFromMemory doesn't match image G:\RevolutionModel-UnityVR\VR_Nanchang\Library\PackageCache\com.unity.visualscripting@1.8.0\Editor\VisualScripting.Core\Dependencies\YamlDotNet\Unity.VisualScripting.YamlDotNet.dll
Native extension for WindowsStandalone target not found
Native extension for Android target not found
Refreshing native plugins compatible for Editor in 3.79 ms, found 12 plugins.
Preloading 0 native plugins for Editor in 0.00 ms.
Mono: successfully reloaded assembly
- Completed reload, in  2.428 seconds
Domain Reload Profiling:
	ReloadAssembly (2429ms)
		BeginReloadAssembly (239ms)
			ExecutionOrderSort (0ms)
			DisableScriptedObjects (7ms)
			BackupInstance (0ms)
			ReleaseScriptingObjects (0ms)
			CreateAndSetChildDomain (75ms)
		EndReloadAssembly (2021ms)
			LoadAssemblies (158ms)
			RebuildTransferFunctionScriptingTraits (0ms)
			SetupTypeCache (518ms)
			ReleaseScriptCaches (4ms)
			RebuildScriptCaches (123ms)
			SetupLoadedEditorAssemblies (992ms)
				LogAssemblyErrors (0ms)
				InitializePlatformSupportModulesInManaged (35ms)
				SetLoadedEditorAssemblies (2ms)
				RefreshPlugins (4ms)
				BeforeProcessingInitializeOnLoad (156ms)
				ProcessInitializeOnLoadAttributes (735ms)
				ProcessInitializeOnLoadMethodAttributes (44ms)
				AfterProcessingInitializeOnLoad (17ms)
				EditorAssembliesLoaded (0ms)
			ExecutionOrderSort2 (0ms)
			AwakeInstancesAfterBackupRestoration (43ms)
Platform modules already initialized, skipping
Refreshing native plugins compatible for Editor in 9.35 ms, found 12 plugins.
Preloading 0 native plugins for Editor in 0.00 ms.
Unloading 7008 Unused Serialized files (Serialized files now loaded: 0)
Unloading 79 unused Assets / (3.9 MB). Loaded Objects now: 8061.
Memory consumption went from 420.4 MB to 416.5 MB.
Total: 10.868600 ms (FindLiveObjects: 0.835200 ms CreateObjectMapping: 0.830000 ms MarkObjects: 7.682700 ms  DeleteObjects: 1.519200 ms)

AssetImportParameters requested are different than current active one (requested -> active):
  custom:video-decoder-ogg-theora: a1e56fd34408186e4bbccfd4996cb3dc -> 
  custom:container-muxer-webm: aa71ff27fc2769a1b78a27578f13a17b -> 
  custom:container-demuxer-webm: 4f35f7cbe854078d1ac9338744f61a02 -> 
  custom:video-encoder-webm-vp8: eb34c28f22e8b96e1ab97ce403110664 -> 
  custom:audio-encoder-webm-vorbis: bf7c407c2cedff20999df2af8eb42d56 -> 
  custom:framework-win-MediaFoundation: 216162199b28c13a410421893ffa2e32 -> 
  custom:container-demuxer-ogg: 62fdf1f143b41e24485cea50d1cbac27 -> 
  custom:video-decoder-webm-vp8: 9c59270c3fd7afecdb556c50c9e8de78 -> 
  custom:audio-decoder-ogg-vorbis: bf7c407c2cedff20999df2af8eb42d56 -> 
========================================================================
Received Import Request.
  Time since last request: 312.730757 seconds.
  path: Assets/Script/MechanicalArm.cs
  artifactKey: Guid(bb3a37175203b9d419eba0901129d77d) Importer(815301076,1909f56bfc062723c751e8b465ee728b)
Start importing Assets/Script/MechanicalArm.cs using Guid(bb3a37175203b9d419eba0901129d77d) Importer(815301076,1909f56bfc062723c751e8b465ee728b)  -> (artifact id: 'ce1e03ee5514cf57d8c2707e3f96b93d') in 0.223216 seconds 
========================================================================
Received Prepare
Registering precompiled user dll's ...
Registered in 0.033175 seconds.
Begin MonoManager ReloadAssembly
Symbol file LoadedFromMemory doesn't match image G:\RevolutionModel-UnityVR\VR_Nanchang\Library\PackageCache\com.unity.visualscripting@1.8.0\Editor\VisualScripting.Core\Dependencies\DotNetZip\Unity.VisualScripting.IonicZip.dll
Symbol file LoadedFromMemory doesn't match image G:\RevolutionModel-UnityVR\VR_Nanchang\Library\PackageCache\com.unity.visualscripting@1.8.0\Editor\VisualScripting.Core\Dependencies\YamlDotNet\Unity.VisualScripting.YamlDotNet.dll
Native extension for WindowsStandalone target not found
Native extension for Android target not found
Refreshing native plugins compatible for Editor in 2.79 ms, found 12 plugins.
Preloading 0 native plugins for Editor in 0.00 ms.
Mono: successfully reloaded assembly
- Completed reload, in  2.407 seconds
Domain Reload Profiling:
	ReloadAssembly (2408ms)
		BeginReloadAssembly (265ms)
			ExecutionOrderSort (0ms)
			DisableScriptedObjects (7ms)
			BackupInstance (0ms)
			ReleaseScriptingObjects (0ms)
			CreateAndSetChildDomain (77ms)
		EndReloadAssembly (1979ms)
			LoadAssemblies (188ms)
			RebuildTransferFunctionScriptingTraits (0ms)
			SetupTypeCache (520ms)
			ReleaseScriptCaches (3ms)
			RebuildScriptCaches (99ms)
			SetupLoadedEditorAssemblies (995ms)
				LogAssemblyErrors (0ms)
				InitializePlatformSupportModulesInManaged (28ms)
				SetLoadedEditorAssemblies (1ms)
				RefreshPlugins (3ms)
				BeforeProcessingInitializeOnLoad (144ms)
				ProcessInitializeOnLoadAttributes (743ms)
				ProcessInitializeOnLoadMethodAttributes (54ms)
				AfterProcessingInitializeOnLoad (22ms)
				EditorAssembliesLoaded (0ms)
			ExecutionOrderSort2 (0ms)
			AwakeInstancesAfterBackupRestoration (42ms)
Platform modules already initialized, skipping
Refreshing native plugins compatible for Editor in 14.27 ms, found 12 plugins.
Preloading 0 native plugins for Editor in 0.00 ms.
Unloading 7008 Unused Serialized files (Serialized files now loaded: 0)
Unloading 79 unused Assets / (3.9 MB). Loaded Objects now: 8077.
Memory consumption went from 420.4 MB to 416.5 MB.
Total: 7.268200 ms (FindLiveObjects: 0.845700 ms CreateObjectMapping: 1.138000 ms MarkObjects: 4.292800 ms  DeleteObjects: 0.990400 ms)

AssetImportParameters requested are different than current active one (requested -> active):
  custom:video-decoder-ogg-theora: a1e56fd34408186e4bbccfd4996cb3dc -> 
  custom:container-muxer-webm: aa71ff27fc2769a1b78a27578f13a17b -> 
  custom:container-demuxer-webm: 4f35f7cbe854078d1ac9338744f61a02 -> 
  custom:video-encoder-webm-vp8: eb34c28f22e8b96e1ab97ce403110664 -> 
  custom:audio-encoder-webm-vorbis: bf7c407c2cedff20999df2af8eb42d56 -> 
  custom:framework-win-MediaFoundation: 216162199b28c13a410421893ffa2e32 -> 
  custom:container-demuxer-ogg: 62fdf1f143b41e24485cea50d1cbac27 -> 
  custom:video-decoder-webm-vp8: 9c59270c3fd7afecdb556c50c9e8de78 -> 
  custom:audio-decoder-ogg-vorbis: bf7c407c2cedff20999df2af8eb42d56 -> 
